ition: Position { row: 1, col: 0 } }, Position { row: 2, col: 0 }, Number(16))
start animate: SlideTile(Tile { value: Number(2), position: Position { row: 0, col: 0 } }, Position { row: 1, col: 0 })
merging 4 and 1 to 4
start animate: SpawnRandomTile(Tile { value: Number(2), position: Position { row: 1, col: 2 } })
0000111045326764 --L--> 0000210045326764
start animate: MergeTiles(Tile { value: Number(2), position: Position { row: 1, col: 0 } }, Tile { value: Number(2), position: Position { row: 1, col: 1 } }, Position { row: 1, col: 0 }, Number(4))
start animate: SlideTile(Tile { value: Number(2), position: Position { row: 1, col: 2 } }, Position { row: 1, col: 1 })
merging 2 and 1 to 2
start animate: SpawnRandomTile(Tile { value: Number(2), position: Position { row: 1, col: 2 } })
0000211045326764 --L--> 0000220045326764
start animate: MergeTiles(Tile { value: Number(2), position: Position { row: 1, col: 1 } }, Tile { value: Number(2), position: Position { row: 1, col: 2 } }, Position { row: 1, col: 1 }, Number(4))
merging 2 and 0 to 2
start animate: SpawnRandomTile(Tile { value: Number(4), position: Position { row: 0, col: 0 } })
2000220045326764 --L--> 2000300045326764
start animate: MergeTiles(Tile { value: Number(4), position: Position { row: 1, col: 0 } }, Tile { value: Number(4), position: Position { row: 1, col: 1 } }, Position { row: 1, col: 0 }, Number(8))
merging 3 and 0 to 3
start animate: SpawnRandomTile(Tile { value: Number(2), position: Position { row: 1, col: 3 } })
2000300145326764 --L--> 2000310045326764
start animate: SlideTile(Tile { value: Number(2), position: Position { row: 1, col: 3 } }, Position { row: 1, col: 1 })
start animate: SpawnRandomTile(Tile { value: Number(2), position: Position { row: 1, col: 3 } })
2000310145326764 --L--> 2000320045326764
start animate: MergeTiles(Tile { value: Number(2), position: Position { row: 1, col: 1 } }, Tile { value: Number(2), position: Position { row: 1, col: 3 } }, Position { row: 1, col: 1 }, Number(4))
merging 2 and 0 to 2
start animate: SpawnRandomTile(Tile { value: Number(2), position: Position { row: 0, col: 3 } })
2001320045326764 --D--> 2000320145326764
start animate: SlideTile(Tile { value: Number(2), position: Position { row: 0, col: 3 } }, Position { row: 1, col: 3 })
start animate: SpawnRandomTile(Tile { value: Number(2), position: Position { row: 0, col: 2 } })
2010320145326764 --L--> 2100321045326764
start animate: SlideTile(Tile { value: Number(2), position: Position { row: 0, col: 2 } }, Position { row: 0, col: 1 })
start animate: SlideTile(Tile { value: Number(2), position: Position { row: 1, col: 3 } }, Position { row: 1, col: 2 })
start animate: SpawnRandomTile(Tile { value: Number(2), position: Position { row: 0, col: 3 } })
2101321045326764 --D--> 2100321145326764
start animate: SlideTile(Tile { value: Number(2), position: Position { row: 0, col: 3 } }, Position { row: 1, col: 3 })
start animate: SpawnRandomTile(Tile { value: Number(2), position: Position { row: 0, col: 3 } })
2101321145326764 --L--> 2200322045326764
start animate: MergeTiles(Tile { value: Number(2), position: Position { row: 0, col: 1 } }, Tile { value: Number(2), position: Position { row: 0, col: 3 } }, Position { row: 0, col: 1 }, Number(4))
start animate: MergeTiles(Tile { value: Number(2), position: Position { row: 1, col: 2 } }, Tile { value: Number(2), position: Position { row: 1, col: 3 } }, Position { row: 1, col: 2 }, Number(4))
merging 2 and 0 to 2
merging 2 and 0 to 2
start animate: SpawnRandomTile(Tile { value: Number(4), position: Position { row: 0, col: 2 } })
2220322045326764 --L--> 3200330045326764
start animate: MergeTiles(Tile { value: Number(4), position: Position { row: 0, col: 0 } }, Tile { value: Number(4), position: Position { row: 0, col: 1 } }, Position { row: 0, col: 0 }, Number(8))
start animate: SlideTile(Tile { value: Number(4), position: Position { row: 0, col: 2 } }, Position { row: 0, col: 1 })
start animate: MergeTiles(Tile { value: Number(4), position: Position { row: 1, col: 1 } }, Tile { value: Number(4), position: Position { row: 1, col: 2 } }, Position { row: 1, col: 1 }, Number(8))
merging 3 and 2 to 3
merging 3 and 0 to 3
start animate: SpawnRandomTile(Tile { value: Number(2), position: Position { row: 1, col: 2 } })
3200331045326764 --L--> 3200410045326764
start animate: MergeTiles(Tile { value: Number(8), position: Position { row: 1, col: 0 } }, Tile { value: Number(8), position: Position { row: 1, col: 1 } }, Position { row: 1, col: 0 }, Number(16))
start animate: SlideTile(Tile { value: Number(2), position: Position { row: 1, col: 2 } }, Position { row: 1, col: 1 })
merging 4 and 1 to 4
start animate: SpawnRandomTile(Tile { value: Number(2), position: Position { row: 1, col: 2 } })
3200411045326764 --D--> 0200311055326764
start animate: MergeTiles(Tile { value: Number(16), position: Position { row: 2, col: 0 } }, Tile { value: Number(16), position: Position { row: 1, col: 0 } }, Position { row: 2, col: 0 }, Number(32))
start animate: SlideTile(Tile { value: Number(8), position: Position { row: 0, col: 0 } }, Position { row: 1, col: 0 })
merging 5 and 3 to 5
start animate: SpawnRandomTile(Tile { value: Number(2), position: Position { row: 0, col: 0 } })
1200311055326764 --L--> 1200320063206764
start animate: MergeTiles(Tile { value: Number(2), position: Position { row: 1, col: 1 } }, Tile { value: Number(2), position: Position { row: 1, col: 2 } }, Position { row: 1, col: 1 }, Number(4))
start animate: MergeTiles(Tile { value: Number(32), position: Position { row: 2, col: 0 } }, Tile { value: Number(32), position: Position { row: 2, col: 1 } }, Position { row: 2, col: 0 }, Number(64))
start animate: SlideTile(Tile { value: Number(8), position: Position { row: 2, col: 2 } }, Position { row: 2, col: 1 })
start animate: SlideTile(Tile { value: Number(4), position: Position { row: 2, col: 3 } }, Position { row: 2, col: 2 })
merging 2 and 0 to 2
merging 6 and 3 to 6
start animate: SpawnRandomTile(Tile { value: Number(2), position: Position { row: 1, col: 2 } })
1200321063206764 --D--> 0000131033207764
start animate: MergeTiles(Tile { value: Number(64), position: Position { row: 3, col: 0 } }, Tile { value: Number(64), position: Position { row: 2, col: 0 } }, Position { row: 3, col: 0 }, Number(128))
start animate: SlideTile(Tile { value: Number(8), position: Position { row: 1, col: 0 } }, Position { row: 2, col: 0 })
start animate: SlideTile(Tile { value: Number(2), position: Position { row: 0, col: 0 } }, Position { row: 1, col: 0 })
start animate: MergeTiles(Tile { value: Number(4), position: Position { row: 1, col: 1 } }, Tile { value: Number(4), position: Position { row: 0, col: 1 } }, Position { row: 1, col: 1 }, Number(8))
merging 7 and 3 to 7
merging 3 and 0 to 3
start animate: SpawnRandomTile(Tile { value: Number(2), position: Position { row: 0, col: 1 } })
0100131033207764 --L--> 1000131042008640
start animate: SlideTile(Tile { value: Number(2), position: Position { row: 0, col: 1 } }, Position { row: 0, col: 0 })
start animate: MergeTiles(Tile { value: Number(8), position: Position { row: 2, col: 0 } }, Tile { value: Number(8), position: Position { row: 2, col: 1 } }, Position { row: 2, col: 0 }, Number(16))
start animate: SlideTile(Tile { value: Number(4), position: Position { row: 2, col: 2 } }, Position { row: 2, col: 1 })
start animate: MergeTiles(Tile { value: Number(128), position: Position { row: 3, col: 0 } }, Tile { value: Number(128), position: Position { row: 3, col: 1 } }, Position { row: 3, col: 0 }, Number(256))
start animate: SlideTile(Tile { value: Number(64), position: Position { row: 3, col: 2 } }, Position { row: 3, col: 1 })
start animate: SlideTile(Tile { value: Number(16), position: Position { row: 3, col: 3 } }, Position { row: 3, col: 2 })
merging 4 and 2 to 4
merging 8 and 6 to 8
start animate: SpawnRandomTile(Tile { value: Number(2), position: Position { row: 2, col: 2 } })
1000131042108640 --D--> 0000230042208640
start animate: MergeTiles(Tile { value: Number(2), position: Position { row: 1, col: 0 } }, Tile { value: Number(2), position: Position { row: 0, col: 0 } }, Position { row: 1, col: 0 }, Number(4))
start animate: MergeTiles(Tile { value: Number(2), position: Position { row: 2, col: 2 } }, Tile { value: Number(2), position: Position { row: 1, col: 2 } }, Position { row: 2, col: 2 }, Number(4))
merging 2 and 0 to 2
merging 2 and 0 to 2
start animate: SpawnRandomTile(Tile { value: Number(2), position: Position { row: 1, col: 3 } })
0000230142208640 --L--> 0000231043008640
start animate: SlideTile(Tile { value: Number(2), position: Position { row: 1, col: 3 } }, Position { row: 1, col: 2 })
start animate: MergeTiles(Tile { value: Number(4), position: Position { row: 2, col: 1 } }, Tile { value: Number(4), position: Position { row: 2, col: 2 } }, Position { row: 2, col: 1 }, Number(8))
merging 3 and 0 to 3
start animate: SpawnRandomTile(Tile { value: Number(2), position: Position { row: 0, col: 0 } })
1000231043008640 --D--> 1000200044108640
start animate: MergeTiles(Tile { value: Number(8), position: Position { row: 2, col: 1 } }, Tile { value: Number(8), position: Position { row: 1, col: 1 } }, Position { row: 2, col: 1 }, Number(16))
start animate: SlideTile(Tile { value: Number(2), position: Position { row: 1, col: 2 } }, Position { row: 2, col: 2 })
merging 4 and 0 to 4
start animate: SpawnRandomTile(Tile { value: Number(2), position: Position { row: 2, col: 3 } })
1000200044118640 --D--> 1000200044108641
start animate: SlideTile(Tile { value: Number(2), position: Position { row: 2, col: 3 } }, Position { row: 3, col: 3 })
start animate: SpawnRandomTile(Tile { value: Number(2), position: Position { row: 0, col: 2 } })
1010200044108641 --D--> 1000200044208641
start animate: MergeTiles(Tile { value: Number(2), position: Position { row: 2, col: 2 } }, Tile { value: Number(2), position: Position { row: 0, col: 2 } }, Position { row: 2, col: 2 }, Number(4))
merging 2 and 0 to 2
start animate: SpawnRandomTile(Tile { value: Number(2), position: Position { row: 0, col: 2 } })
1010200044208641 --R--> 0002000200528641
start animate: MergeTiles(Tile { value: Number(2), position: Position { row: 0, col: 2 } }, Tile { value: Number(2), position: Position { row: 0, col: 0 } }, Position { row: 0, col: 3 }, Number(4))
start animate: SlideTile(Tile { value: Number(4), position: Position { row: 1, col: 0 } }, Position { row: 1, col: 3 })
start animate: SlideTile(Tile { value: Number(4), position: Position { row: 2, col: 2 } }, Position { row: 2, col: 3 })
start animate: MergeTiles(Tile { value: Number(16), position: Position { row: 2, col: 1 } }, Tile { value: Number(16), position: Position { row: 2, col: 0 } }, Position { row: 2, col: 2 }, Number(32))
merging 0 and 0 to 2
merging 0 and 0 to 5
start animate: SpawnRandomTile(Tile { value: Number(4), position: Position { row: 1, col: 0 } })
0002200200528641 --D--> 0000000220538641
start animate: SlideTile(Tile { value: Number(4), position: Position { row: 1, col: 0 } }, Position { row: 2, col: 0 })
start animate: MergeTiles(Tile { value: Number(4), position: Position { row: 2, col: 3 } }, Tile { value: Number(4), position: Position { row: 1, col: 3 } }, Position { row: 2, col: 3 }, Number(8))
start animate: SlideTile(Tile { value: Number(4), position: Position { row: 0, col: 3 } }, Position { row: 1, col: 3 })
merging 3 and 2 to 3
start animate: SpawnRandomTile(Tile { value: Number(2), position: Position { row: 1, col: 2 } })
0000001220538641 --L--> 0000120025308641
start animate: SlideTile(Tile { value: Number(2), position: Position { row: 1, col: 2 } }, Position { row: 1, col: 0 })
start animate: SlideTile(Tile { value: Number(4), position: Position { row: 1, col: 3 } }, Position { row: 1, col: 1 })
start animate: SlideTile(Tile { value: Number(32), position: Position { row: 2, col: 2 } }, Position { row: 2, col: 1 })
start animate: SlideTile(Tile { value: Number(8), position: Position { row: 2, col: 3 } }, Position { row: 2, col: 2 })
start animate: SpawnRandomTile(Tile { value: Number(2), position: Position { row: 0, col: 3 } })
0001120025308641 --L--> 1000120025308641
start animate: SlideTile(Tile { value: Number(2), position: Position { row: 0, col: 3 } }, Position { row: 0, col: 0 })
start animate: SpawnRandomTile(Tile { value: Number(2), position: Position { row: 1, col: 3 } })
1000120125308641 --D--> 0000220025308642
start animate: MergeTiles(Tile { value: Number(2), position: Position { row: 1, col: 0 } }, Tile { value: Number(2), position: Position { row: 0, col: 0 } }, Position { row: 1, col: 0 }, Number(4))
start animate: MergeTiles(Tile { value: Number(2), position: Position { row: 3, col: 3 } }, Tile { value: Number(2), position: Position { row: 1, col: 3 } }, Position { row: 3, col: 3 }, Number(4))
merging 2 and 0 to 2
merging 2 and 0 to 2
start animate: SpawnRandomTile(Tile { value: Number(2), position: Position { row: 1, col: 3 } })
0000220125308642 --L--> 0000310025308642
start animate: MergeTiles(Tile { value: Number(4), position: Position { row: 1, col: 0 } }, Tile { value: Number(4), position: Position { row: 1, col: 1 } }, Position { row: 1, col: 0 }, Number(8))
start animate: SlideTile(Tile { value: Number(2), position: Position { row: 1, col: 3 } }, Position { row: 1, col: 1 })
merging 3 and 1 to 3
start animate: SpawnRandomTile(Tile { value: Number(2), position: Position { row: 1, col: 2 } })
0000311025308642 --L--> 0000320025308642
start animate: MergeTiles(Tile { value: Number(2), position: Position { row: 1, col: 1 } }, Tile { value: Number(2), position: Position { row: 1, col: 2 } }, Position { row: 1, col: 1 }, Number(4))
merging 2 and 0 to 2
start animate: SpawnRandomTile(Tile { value: Number(2), position: Position { row: 0, col: 3 } })
0001320025308642 --D--> 0000320025318642
start animate: SlideTile(Tile { value: Number(2), position: Position { row: 0, col: 3 } }, Position { row: 2, col: 3 })
start animate: SpawnRandomTile(Tile { value: Number(2), position: Position { row: 0, col: 0 } })
1000320025318642 --R--> 0001003225318642
start animate: SlideTile(Tile { value: Number(2), position: Position { row: 0, col: 0 } }, Position { row: 0, col: 3 })
start animate: SlideTile(Tile { value: Number(4), position: Position { row: 1, col: 1 } }, Position { row: 1, col: 3 })
start animate: SlideTile(Tile { value: Number(8), position: Position { row: 1, col: 0 } }, Position { row: 1, col: 2 })
start animate: SpawnRandomTile(Tile { value: Number(2), position: Position { row: 1, col: 1 } })
0001013225318642 --L--> 1000132025318642
start animate: SlideTile(Tile { value: Number(2), position: Position { row: 0, col: 3 } }, Position { row: 0, col: 0 })
start animate: SlideTile(Tile { value: Number(2), position: Position { row: 1, col: 1 } }, Position { row: 1, col: 0 })
start animate: SlideTile(Tile { value: Number(8), position: Position { row: 1, col: 2 } }, Position { row: 1, col: 1 })
start animate: SlideTile(Tile { value: Number(4), position: Position { row: 1, col: 3 } }, Position { row: 1, col: 2 })
start animate: SpawnRandomTile(Tile { value: Number(4), position: Position { row: 0, col: 3 } })
1002132025318642 --D--> 0000232225318642
start animate: MergeTiles(Tile { value: Number(2), position: Position { row: 1, col: 0 } }, Tile { value: Number(2), position: Position { row: 0, col: 0 } }, Position { row: 1, col: 0 }, Number(4))
start animate: SlideTile(Tile { value: Number(4), position: Position { row: 0, col: 3 } }, Position { row: 1, col: 3 })
merging 2 and 0 to 2
start animate: SpawnRandomTile(Tile { value: Number(2), position: Position { row: 0, col: 3 } })
0001232225318642 --D--> 0001032235318642
start animate: MergeTiles(Tile { value: Number(4), position: Position { row: 2, col: 0 } }, Tile { value: Number(4), position: Position { row: 1, col: 0 } }, Position { row: 2, col: 0 }, Number(8))
merging 3 and 0 to 3
start animate: SpawnRandomTile(Tile { value: Number(2), position: Position { row: 1, col: 0 } })
0001132235318642 --L--> 1000133035318642
start animate: SlideTile(Tile { value: Number(2), position: Position { row: 0, col: 3 } }, Position { row: 0, col: 0 })
start animate: MergeTiles(Tile { value: Number(4), position: Position { row: 1, col: 2 } }, Tile { value: Number(4), position: Position { row: 1, col: 3 } }, Position { row: 1, col: 2 }, Number(8))
merging 3 and 0 to 3
start animate: SpawnRandomTile(Tile { value: Number(2), position: Position { row: 0, col: 3 } })
1001133035318642 --D--> 0000230035428642
start animate: MergeTiles(Tile { value: Number(2), position: Position { row: 1, col: 0 } }, Tile { value: Number(2), position: Position { row: 0, col: 0 } }, Position { row: 1, col: 0 }, Number(4))
start animate: MergeTiles(Tile { value: Number(8), position: Position { row: 2, col: 2 } }, Tile { value: Number(8), position: Position { row: 1, col: 2 } }, Position { row: 2, col: 2 }, Number(16))
start animate: MergeTiles(Tile { value: Number(2), position: Position { row: 2, col: 3 } }, Tile { value: Number(2), position: Position { row: 0, col: 3 } }, Position { row: 2, col: 3 }, Number(4))
merging 2 and 0 to 2
merging 4 and 0 to 4
merging 2 and 0 to 2
start animate: SpawnRandomTile(Tile { value: Number(2), position: Position { row: 1, col: 3 } })
0000230135428642 --D--> 0000230035018653
start animate: MergeTiles(Tile { value: Number(16), position: Position { row: 3, col: 2 } }, Tile { value: Number(16), position: Position { row: 2, col: 2 } }, Position { row: 3, col: 2 }, Number(32))
start animate: MergeTiles(Tile { value: Number(4), position: Position { row: 3, col: 3 } }, Tile { value: Number(4), position: Position { row: 2, col: 3 } }, Position { row: 3, col: 3 }, Number(8))
start animate: SlideTile(Tile { value: Number(2), position: Position { row: 1, col: 3 } }, Position { row: 2, col: 3 })
merging 5 and 0 to 5
merging 3 and 1 to 3
start animate: SpawnRandomTile(Tile { value: Number(2), position: Position { row: 1, col: 2 } })
0000231035018653 --R--> 0000023103518653
start animate: SlideTile(Tile { value: Number(2), position: Position { row: 1, col: 2 } }, Position { row: 1, col: 3 })
start animate: SlideTile(Tile { value: Number(8), position: Position { row: 1, col: 1 } }, Position { row: 1, col: 2 })
start animate: SlideTile(Tile { value: Number(4), position: Position { row: 1, col: 0 } }, Position { row: 1, col: 1 })
start animate: SlideTile(Tile { value: Number(32), position: Position { row: 2, col: 1 } }, Position { row: 2, col: 2 })
start animate: SlideTile(Tile { value: Number(8), position: Position { row: 2, col: 0 } }, Position { row: 2, col: 1 })
start animate: SpawnRandomTile(Tile { value: Number(2), position: Position { row: 0, col: 2 } })
0010023103518653 --D--> 0000021003328663
start animate: MergeTiles(Tile { value: Number(32), position: Position { row: 3, col: 2 } }, Tile { value: Number(32), position: Position { row: 2, col: 2 } }, Position { row: 3, col: 2 }, Number(64))
start animate: SlideTile(Tile { value: Number(8), position: Position { row: 1, col: 2 } }, Position { row: 2, col: 2 })
start animate: SlideTile(Tile { value: Number(2), position: Position { row: 0, col: 2 } }, Position { row: 1, col: 2 })
start animate: MergeTiles(Tile { value: Number(2), position: Position { row: 2, col: 3 } }, Tile { value: Number(2), position: Position { row: 1, col: 3 } }, Position { row: 2, col: 3 }, Number(4))
merging 6 and 3 to 6
merging 2 and 0 to 2
start animate: SpawnRandomTile(Tile { value: Number(2), position: Position { row: 0, col: 3 } })
0001021003328663 --L--> 1000210042008730
start animate: SlideTile(Tile { value: Number(2), position: Position { row: 0, col: 3 } }, Position { row: 0, col: 0 })
start animate: SlideTile(Tile { value: Number(4), position: Position { row: 1, col: 1 } }, Position { row: 1, col: 0 })
start animate: SlideTile(Tile { value: Number(2), position: Position { row: 1, col: 2 } }, Position { row: 1, col: 1 })
start animate: MergeTiles(Tile { value: Number(8), position: Position { row: 2, col: 1 } }, Tile { value: Number(8), position: Position { row: 2, col: 2 } }, Position { row: 2, col: 0 }, Number(16))
start animate: SlideTile(Tile { value: Number(4), position: Position { row: 2, col: 3 } }, Position { row: 2, col: 1 })
start animate: MergeTiles(Tile { value: Number(64), position: Position { row: 3, col: 1 } }, Tile { value: Number(64), position: Position { row: 3, col: 2 } }, Position { row: 3, col: 1 }, Number(128))
start animate: SlideTile(Tile { value: Number(8), position: Position { row: 3, col: 3 } }, Position { row: 3, col: 2 })
merging 2 and 0 to 4
merging 7 and 3 to 7
start animate: SpawnRandomTile(Tile { value: Number(2), position: Position { row: 1, col: 2 } })
1000211042008730 --D--> 1000210042108730
start animate: SlideTile(Tile { value: Number(2), position: Position { row: 1, col: 2 } }, Position { row: 2, col: 2 })
start animate: SpawnRandomTile(Tile { value: Number(2), position: Position { row: 0, col: 1 } })
1100210042108730 --D--> 1000220042108730
start animate: MergeTiles(Tile { value: Number(2), position: Position { row: 1, col: 1 } }, Tile { value: Number(2), position: Position { row: 0, col: 1 } }, Position { row: 1, col: 1 }, Number(4))
merging 2 and 0 to 2
start animate: SpawnRandomTile(Tile { value: Number(2), position: Position { row: 2, col: 3 } })
1000220042118730 --D--> 1000200043108731
start animate: MergeTiles(Tile { value: Number(4), position: Position { row: 2, col: 1 } }, Tile { value: Number(4), position: Position { row: 1, col: 1 } }, Position { row: 2, col: 1 }, Number(8))
start animate: SlideTile(Tile { value: Number(2), position: Position { row: 2, col: 3 } }, Position { row: 3, col: 3 })
merging 3 and 0 to 3
start animate: SpawnRandomTile(Tile { value: Number(2), position: Position { row: 1, col: 3 } })
1000200143108731 --D--> 1000200043108732
start animate: MergeTiles(Tile { value: Number(2), position: Position { row: 3, col: 3 } }, Tile { value: Number(2), position: Position { row: 1, col: 3 } }, Position { row: 3, col: 3 }, Number(4))
merging 2 and 0 to 2
start animate: SpawnRandomTile(Tile { value: Number(2), position: Position { row: 1, col: 3 } })
1000200143108732 --D--> 1000200043118732
start animate: SlideTile(Tile { value: Number(2), position: Position { row: 1, col: 3 } }, Position { row: 2, col: 3 })
start animate: SpawnRandomTile(Tile { value: Number(2), position: Position { row: 1, col: 3 } })
1000200143118732 --L--> 1000210043208732
start animate: SlideTile(Tile { value: Number(2), position: Position { row: 1, col: 3 } }, Position { row: 1, col: 1 })
start animate: MergeTiles(Tile { value: Number(2), position: Position { row: 2, col: 2 } }, Tile { value: Number(2), position: Position { row: 2, col: 3 } }, Position { row: 2, col: 2 }, Number(4))
merging 2 and 0 to 2
start animate: SpawnRandomTile(Tile { value: Number(2), position: Position { row: 1, col: 3 } })
1000210143208732 --D--> 1000210043218732
start animate: SlideTile(Tile { value: Number(2), position: Position { row: 1, col: 3 } }, Position { row: 2, col: 3 })
start animate: SpawnRandomTile(Tile { value: Number(4), position: Position { row: 0, col: 2 } })
1020210043218732 --D--> 1000210043318732
start animate: MergeTiles(Tile { value: Number(4), position: Position { row: 2, col: 2 } }, Tile { value: Number(4), position: Position { row: 0, col: 2 } }, Position { row: 2, col: 2 }, Number(8))
merging 3 and 0 to 3
start animate: SpawnRandomTile(Tile { value: Number(2), position: Position { row: 0, col: 1 } })
1100210043318732 --D--> 1000220043018742
start animate: MergeTiles(Tile { value: Number(2), position: Position { row: 1, col: 1 } }, Tile { value: Number(2), position: Position { row: 0, col: 1 } }, Position { row: 1, col: 1 }, Number(4))
start animate: MergeTiles(Tile { value: Number(8), position: Position { row: 3, col: 2 } }, Tile { value: Number(8), position: Position { row: 2, col: 2 } }, Position { row: 3, col: 2 }, Number(16))
merging 2 and 0 to 2
merging 4 and 0 to 4
start animate: SpawnRandomTile(Tile { value: Number(2), position: Position { row: 0, col: 3 } })
1001220043018742 --D--> 1000220043028742
start animate: MergeTiles(Tile { value: Number(2), position: Position { row: 2, col: 3 } }, Tile { value: Number(2), position: Position { row: 0, col: 3 } }, Position { row: 2, col: 3 }, Number(4))
merging 2 and 0 to 2
start animate: SpawnRandomTile(Tile { value: Number(2), position: Position { row: 0, col: 3 } })
1001220043028742 --D--> 1000220043018743
start animate: MergeTiles(Tile { value: Number(4), position: Position { row: 3, col: 3 } }, Tile { value: Number(4), position: Position { row: 2, col: 3 } }, Position { row: 3, col: 3 }, Number(8))
start animate: SlideTile(Tile { value: Number(2), position: Position { row: 0, col: 3 } }, Position { row: 2, col: 3 })
merging 3 and 1 to 3
start animate: SpawnRandomTile(Tile { value: Number(2), position: Position { row: 0, col: 3 } })
1001220043018743 --D--> 1000220043028743
start animate: MergeTiles(Tile { value: Number(2), position: Position { row: 2, col: 3 } }, Tile { value: Number(2), position: Position { row: 0, col: 3 } }, Position { row: 2, col: 3 }, Number(4))
merging 2 and 0 to 2
start animate: SpawnRandomTile(Tile { value: Number(2), position: Position { row: 1, col: 2 } })
1000221043028743 --D--> 1000220043128743
start animate: SlideTile(Tile { value: Number(2), position: Position { row: 1, col: 2 } }, Position { row: 2, col: 2 })
start animate: SpawnRandomTile(Tile { value: Number(2), position: Position { row: 0, col: 1 } })
1100220043128743 --D--> 1100220043128743
1100220043128743 --L--> 2000300043128743
start animate: MergeTiles(Tile { value: Number(2), position: Position { row: 0, col: 0 } }, Tile { value: Number(2), position: Position { row: 0, col: 1 } }, Position { row: 0, col: 0 }, Number(4))
start animate: MergeTiles(Tile { value: Number(4), position: Position { row: 1, col: 0 } }, Tile { value: Number(4), position: Position { row: 1, col: 1 } }, Position { row: 1, col: 0 }, Number(8))
merging 2 and 0 to 2
merging 3 and 0 to 3
start animate: SpawnRandomTile(Tile { value: Number(2), position: Position { row: 0, col: 1 } })
2100300043128743 --D--> 2000310043128743
start animate: SlideTile(Tile { value: Number(2), position: Position { row: 0, col: 1 } }, Position { row: 1, col: 1 })
start animate: SpawnRandomTile(Tile { value: Number(2), position: Position { row: 1, col: 2 } })
2000311043128743 --L--> 2000320043128743
start animate: MergeTiles(Tile { value: Number(2), position: Position { row: 1, col: 1 } }, Tile { value: Number(2), position: Position { row: 1, col: 2 } }, Position { row: 1, col: 1 }, Number(4))
merging 2 and 0 to 2
start animate: SpawnRandomTile(Tile { value: Number(4), position: Position { row: 1, col: 3 } })
2000320243128743 --D--> 2000320043138743
start animate: MergeTiles(Tile { value: Number(4), position: Position { row: 2, col: 3 } }, Tile { value: Number(4), position: Position { row: 1, col: 3 } }, Position { row: 2, col: 3 }, Number(8))
merging 3 and 0 to 3
start animate: SpawnRandomTile(Tile { value: Number(2), position: Position { row: 1, col: 3 } })
2000320143138743 --D--> 2000320043118744
start animate: MergeTiles(Tile { value: Number(8), position: Position { row: 3, col: 3 } }, Tile { value: Number(8), position: Position { row: 2, col: 3 } }, Position { row: 3, col: 3 }, Number(16))
start animate: SlideTile(Tile { value: Number(2), position: Position { row: 1, col: 3 } }, Position { row: 2, col: 3 })
merging 4 and 1 to 4
start animate: SpawnRandomTile(Tile { value: Number(2), position: Position { row: 0, col: 1 } })
2100320043118744 --L--> 2100320043208750
start animate: MergeTiles(Tile { value: Number(2), position: Position { row: 2, col: 2 } }, Tile { value: Number(2), position: Position { row: 2, col: 3 } }, Position { row: 2, col: 2 }, Number(4))
start animate: MergeTiles(Tile { value: Number(16), position: Position { row: 3, col: 2 } }, Tile { value: Number(16), position: Position { row: 3, col: 3 } }, Position { row: 3, col: 2 }, Number(32))
merging 2 and 0 to 2
merging 5 and 0 to 5
start animate: SpawnRandomTile(Tile { value: Number(2), position: Position { row: 3, col: 3 } })
2100320043208751 --R--> 0021003204328751
start animate: SlideTile(Tile { value: Number(2), position: Position { row: 0, col: 1 } }, Position { row: 0, col: 3 })
start animate: SlideTile(Tile { value: Number(4), position: Position { row: 0, col: 0 } }, Position { row: 0, col: 2 })
start animate: SlideTile(Tile { value: Number(4), position: Position { row: 1, col: 1 } }, Position { row: 1, col: 3 })
start animate: SlideTile(Tile { value: Number(8), position: Position { row: 1, col: 0 } }, Position { row: 1, col: 2 })
start animate: SlideTile(Tile { value: Number(4), position: Position { row: 2, col: 2 } }, Position { row: 2, col: 3 })
start animate: SlideTile(Tile { value: Number(8), position: Position { row: 2, col: 1 } }, Position { row: 2, col: 2 })
start animate: SlideTile(Tile { value: Number(16), position: Position { row: 2, col: 0 } }, Position { row: 2, col: 1 })
start animate: SpawnRandomTile(Tile { value: Number(2), position: Position { row: 1, col: 1 } })
0021013204328751 --D--> 0000012104438751
start animate: MergeTiles(Tile { value: Number(8), position: Position { row: 2, col: 2 } }, Tile { value: Number(8), position: Position { row: 1, col: 2 } }, Position { row: 2, col: 2 }, Number(16))
start animate: SlideTile(Tile { value: Number(4), position: Position { row: 0, col: 2 } }, Position { row: 1, col: 2 })
start animate: MergeTiles(Tile { value: Number(4), position: Position { row: 2, col: 3 } }, Tile { value: Number(4), position: Position { row: 1, col: 3 } }, Position { row: 2, col: 3 }, Number(8))
start animate: SlideTile(Tile { value: Number(2), position: Position { row: 0, col: 3 } }, Position { row: 1, col: 3 })
merging 4 and 2 to 4
merging 3 and 1 to 3
start animate: SpawnRandomTile(Tile { value: Number(2), position: Position { row: 2, col: 0 } })
0000012114438751 --R--> 0000012101538751
start animate: MergeTiles(Tile { value: Number(16), position: Position { row: 2, col: 2 } }, Tile { value: Number(16), position: Position { row: 2, col: 1 } }, Position { row: 2, col: 2 }, Number(32))
start animate: SlideTile(Tile { value: Number(2), position: Position { row: 2, col: 0 } }, Position { row: 2, col: 1 })
merging 5 and 1 to 5
start animate: SpawnRandomTile(Tile { value: Number(2), position: Position { row: 0, col: 3 } })
0001012101538751 --D--> 0000000202238761
start animate: MergeTiles(Tile { value: Number(2), position: Position { row: 2, col: 1 } }, Tile { value: Number(2), position: Position { row: 1, col: 1 } }, Position { row: 2, col: 1 }, Number(4))
start animate: MergeTiles(Tile { value: Number(32), position: Position { row: 3, col: 2 } }, Tile { value: Number(32), position: Position { row: 2, col: 2 } }, Position { row: 3, col: 2 }, Number(64))
start animate: SlideTile(Tile { value: Number(4), position: Position { row: 1, col: 2 } }, Position { row: 2, col: 2 })
start animate: MergeTiles(Tile { value: Number(2), position: Position { row: 1, col: 3 } }, Tile { value: Number(2), position: Position { row: 0, col: 3 } }, Position { row: 1, col: 3 }, Number(4))
merging 2 and 0 to 2
merging 6 and 2 to 6
merging 2 and 0 to 2
start animate: SpawnRandomTile(Tile { value: Number(2), position: Position { row: 0, col: 2 } })
0010000202238761 --L--> 1000200033008761
start animate: SlideTile(Tile { value: Number(2), position: Position { row: 0, col: 2 } }, Position { row: 0, col: 0 })
start animate: SlideTile(Tile { value: Number(4), position: Position { row: 1, col: 3 } }, Position { row: 1, col: 0 })
start animate: MergeTiles(Tile { value: Number(4), position: Position { row: 2, col: 1 } }, Tile { value: Number(4), position: Position { row: 2, col: 2 } }, Position { row: 2, col: 0 }, Number(8))
start animate: SlideTile(Tile { value: Number(8), position: Position { row: 2, col: 3 } }, Position { row: 2, col: 1 })
merging 3 and 0 to 3
start animate: SpawnRandomTile(Tile { value: Number(2), position: Position { row: 1, col: 1 } })
1000210033008761 --L--> 1000210040008761
start animate: MergeTiles(Tile { value: Number(8), position: Position { row: 2, col: 0 } }, Tile { value: Number(8), position: Position { row: 2, col: 1 } }, Position { row: 2, col: 0 }, Number(16))
merging 4 and 0 to 4
start animate: SpawnRandomTile(Tile { value: Number(2), position: Position { row: 1, col: 2 } })
1000211040008761 --D--> 1000200041108761
start animate: SlideTile(Tile { value: Number(2), position: Position { row: 1, col: 1 } }, Position { row: 2, col: 1 })
start animate: SlideTile(Tile { value: Number(2), position: Position { row: 1, col: 2 } }, Position { row: 2, col: 2 })
start animate: SpawnRandomTile(Tile { value: Number(2), position: Position { row: 2, col: 3 } })
1000200041118761 --D--> 1000200041108762
start animate: MergeTiles(Tile { value: Number(2), position: Position { row: 3, col: 3 } }, Tile { value: Number(2), position: Position { row: 2, col: 3 } }, Position { row: 3, col: 3 }, Number(4))
merging 2 and 0 to 2
start animate: SpawnRandomTile(Tile { value: Number(4), position: Position { row: 1, col: 3 } })
1000200241108762 --D--> 1000200041108763
start animate: MergeTiles(Tile { value: Number(4), position: Position { row: 3, col: 3 } }, Tile { value: Number(4), position: Position { row: 1, col: 3 } }, Position { row: 3, col: 3 }, Number(8))
merging 3 and 0 to 3
start animate: SpawnRandomTile(Tile { value: Number(4), position: Position { row: 1, col: 3 } })
1000200241108763 --D--> 1000200041128763
start animate: SlideTile(Tile { value: Number(4), position: Position { row: 1, col: 3 } }, Position { row: 2, col: 3 })
start animate: SpawnRandomTile(Tile { value: Number(2), position: Position { row: 1, col: 1 } })
1000210041128763 --L--> 1000210042208763
start animate: MergeTiles(Tile { value: Number(2), position: Position { row: 2, col: 1 } }, Tile { value: Number(2), position: Position { row: 2, col: 2 } }, Position { row: 2, col: 1 }, Number(4))
start animate: SlideTile(Tile { value: Number(4), position: Position { row: 2, col: 3 } }, Position { row: 2, col: 2 })
merging 2 and 2 to 2
start animate: SpawnRandomTile(Tile { value: Number(2), position: Position { row: 0, col: 3 } })
1001210042208763 --L--> 2000210043008763
start animate: MergeTiles(Tile { value: Number(2), position: Position { row: 0, col: 0 } }, Tile { value: Number(2), position: Position { row: 0, col: 3 } }, Position { row: 0, col: 0 }, Number(4))
start animate: MergeTiles(Tile { value: Number(4), position: Position { row: 2, col: 1 } }, Tile { value: Number(4), position: Position { row: 2, col: 2 } }, Position { row: 2, col: 1 }, Number(8))
merging 2 and 0 to 2
merging 3 and 0 to 3
start animate: SpawnRandomTile(Tile { value: Number(2), position: Position { row: 0, col: 3 } })
2001210043008763 --D--> 0000310043018763
start animate: MergeTiles(Tile { value: Number(4), position: Position { row: 1, col: 0 } }, Tile { value: Number(4), position: Position { row: 0, col: 0 } }, Position { row: 1, col: 0 }, Number(8))
start animate: SlideTile(Tile { value: Number(2), position: Position { row: 0, col: 3 } }, Position { row: 2, col: 3 })
merging 3 and 0 to 3
start animate: SpawnRandomTile(Tile { value: Number(2), position: Position { row: 0, col: 3 } })
0001310043018763 --D--> 0000310043028763
start animate: MergeTiles(Tile { value: Number(2), position: Position { row: 2, col: 3 } }, Tile { value: Number(2), position: Position { row: 0, col: 3 } }, Position { row: 2, col: 3 }, Number(4))
merging 2 and 0 to 2
start animate: SpawnRandomTile(Tile { value: Number(2), position: Position { row: 0, col: 1 } })
0100310043028763 --D--> 0000320043028763
start animate: MergeTiles(Tile { value: Number(2), position: Position { row: 1, col: 1 } }, Tile { value: Number(2), position: Position { row: 0, col: 1 } }, Position { row: 1, col: 1 }, Number(4))
merging 2 and 0 to 2
start animate: SpawnRandomTile(Tile { value: Number(2), position: Position { row: 0, col: 1 } })
0100320043028763 --L--> 1000320043208763
start animate: SlideTile(Tile { value: Number(2), position: Position { row: 0, col: 1 } }, Position { row: 0, col: 0 })
start animate: SlideTile(Tile { value: Number(4), position: Position { row: 2, col: 3 } }, Position { row: 2, col: 2 })
start animate: SpawnRandomTile(Tile { value: Number(2), position: Position { row: 0, col: 2 } })
1010320043208763 --D--> 1000321043208763
start animate: SlideTile(Tile { value: Number(2), position: Position { row: 0, col: 2 } }, Position { row: 1, col: 2 })
start animate: SpawnRandomTile(Tile { value: Number(2), position: Position { row: 0, col: 1 } })
1100321043208763 --L--> 2000321043208763
start animate: MergeTiles(Tile { value: Number(2), position: Position { row: 0, col: 0 } }, Tile { value: Number(2), position: Position { row: 0, col: 1 } }, Position { row: 0, col: 0 }, Number(4))
merging 2 and 0 to 2
start animate: SpawnRandomTile(Tile { value: Number(2), position: Position { row: 0, col: 3 } })
2001321043208763 --D--> 2000321043218763
start animate: SlideTile(Tile { value: Number(2), position: Position { row: 0, col: 3 } }, Position { row: 2, col: 3 })
start animate: SpawnRandomTile(Tile { value: Number(2), position: Position { row: 0, col: 3 } })
2001321043218763 --R--> 0021032143218763
start animate: SlideTile(Tile { value: Number(4), position: Position { row: 0, col: 0 } }, Position { row: 0, col: 2 })
start animate: SlideTile(Tile { value: Number(2), position: Position { row: 1, col: 2 } }, Position { row: 1, col: 3 })
start animate: SlideTile(Tile { value: Number(4), position: Position { row: 1, col: 1 } }, Position { row: 1, col: 2 })
start animate: SlideTile(Tile { value: Number(8), position: Position { row: 1, col: 0 } }, Position { row: 1, col: 1 })
start animate: SpawnRandomTile(Tile { value: Number(2), position: Position { row: 0, col: 0 } })
1021032143218763 --D--> 0000102144328763
start animate: SlideTile(Tile { value: Number(2), position: Position { row: 0, col: 0 } }, Position { row: 1, col: 0 })
start animate: MergeTiles(Tile { value: Number(8), position: Position { row: 2, col: 1 } }, Tile { value: Number(8), position: Position { row: 1, col: 1 } }, Position { row: 2, col: 1 }, Number(16))
start animate: MergeTiles(Tile { value: Number(4), position: Position { row: 2, col: 2 } }, Tile { value: Number(4), position: Position { row: 1, col: 2 } }, Position { row: 2, col: 2 }, Number(8))
start animate: SlideTile(Tile { value: Number(4), position: Position { row: 0, col: 2 } }, Position { row: 1, col: 2 })
start animate: MergeTiles(Tile { value: Number(2), position: Position { row: 2, col: 3 } }, Tile { value: Number(2), position: Position { row: 1, col: 3 } }, Position { row: 2, col: 3 }, Number(4))
start animate: SlideTile(Tile { value: Number(2), position: Position { row: 0, col: 3 } }, Position { row: 1, col: 3 })
merging 4 and 0 to 4
merging 3 and 2 to 3
merging 2 and 1 to 2
start animate: SpawnRandomTile(Tile { value: Number(4), position: Position { row: 0, col: 1 } })
0200102144328763 --D--> 0000122144328763
start animate: SlideTile(Tile { value: Number(4), position: Position { row: 0, col: 1 } }, Position { row: 1, col: 1 })
start animate: SpawnRandomTile(Tile { value: Number(2), position: Position { row: 0, col: 1 } })
0100122144328763 --R--> 0001013105328763
start animate: SlideTile(Tile { value: Number(2), position: Position { row: 0, col: 1 } }, Position { row: 0, col: 3 })
start animate: MergeTiles(Tile { value: Number(4), position: Position { row: 1, col: 2 } }, Tile { value: Number(4), position: Position { row: 1, col: 1 } }, Position { row: 1, col: 2 }, Number(8))
start animate: SlideTile(Tile { value: Number(2), position: Position { row: 1, col: 0 } }, Position { row: 1, col: 1 })
start animate: MergeTiles(Tile { value: Number(16), position: Position { row: 2, col: 1 } }, Tile { value: Number(16), position: Position { row: 2, col: 0 } }, Position { row: 2, col: 1 }, Number(32))
merging 3 and 1 to 3
merging 5 and 0 to 5
start animate: SpawnRandomTile(Tile { value: Number(2), position: Position { row: 0, col: 2 } })
0011013105328763 --L--> 2000131053208763
start animate: MergeTiles(Tile { value: Number(2), position: Position { row: 0, col: 2 } }, Tile { value: Number(2), position: Position { row: 0, col: 3 } }, Position { row: 0, col: 0 }, Number(4))
start animate: SlideTile(Tile { value: Number(2), position: Position { row: 1, col: 1 } }, Position { row: 1, col: 0 })
start animate: SlideTile(Tile { value: Number(8), position: Position { row: 1, col: 2 } }, Position { row: 1, col: 1 })
start animate: SlideTile(Tile { value: Number(2), position: Position { row: 1, col: 3 } }, Position { row: 1, col: 2 })
start animate: SlideTile(Tile { value: Number(32), position: Position { row: 2, col: 1 } }, Position { row: 2, col: 0 })
start animate: SlideTile(Tile { value: Number(8), position: Position { row: 2, col: 2 } }, Position { row: 2, col: 1 })
start animate: SlideTile(Tile { value: Number(4), position: Position { row: 2, col: 3 } }, Position { row: 2, col: 2 })
merging 0 and 0 to 2
start animate: SpawnRandomTile(Tile { value: Number(2), position: Position { row: 1, col: 3 } })
2000131153208763 --D--> 2000101054218763
start animate: MergeTiles(Tile { value: Number(8), position: Position { row: 2, col: 1 } }, Tile { value: Number(8), position: Position { row: 1, col: 1 } }, Position { row: 2, col: 1 }, Number(16))
start animate: SlideTile(Tile { value: Number(2), position: Position { row: 1, col: 3 } }, Position { row: 2, col: 3 })
merging 4 and 0 to 4
start animate: SpawnRandomTile(Tile { value: Number(2), position: Position { row: 0, col: 2 } })
2010101054218763 --D--> 2000102054218763
start animate: MergeTiles(Tile { value: Number(2), position: Position { row: 1, col: 2 } }, Tile { value: Number(2), position: Position { row: 0, col: 2 } }, Position { row: 1, col: 2 }, Number(4))
merging 2 and 0 to 2
start animate: SpawnRandomTile(Tile { value: Number(2), position: Position { row: 1, col: 1 } })
2000112054218763 --D--> 2000110054318763
start animate: MergeTiles(Tile { value: Number(4), position: Position { row: 2, col: 2 } }, Tile { value: Number(4), position: Position { row: 1, col: 2 } }, Position { row: 2, col: 2 }, Number(8))
merging 3 and 0 to 3
start animate: SpawnRandomTile(Tile { value: Number(4), position: Position { row: 0, col: 1 } })
2200110054318763 --D--> 2200110054318763
2200110054318763 --L--> 3000200054318763
start animate: MergeTiles(Tile { value: Number(4), position: Position { row: 0, col: 0 } }, Tile { value: Number(4), position: Position { row: 0, col: 1 } }, Position { row: 0, col: 0 }, Number(8))
start animate: MergeTiles(Tile { value: Number(2), position: Position { row: 1, col: 0 } }, Tile { value: Number(2), position: Position { row: 1, col: 1 } }, Position { row: 1, col: 0 }, Number(4))
merging 3 and 0 to 3
merging 2 and 0 to 2
start animate: SpawnRandomTile(Tile { value: Number(4), position: Position { row: 0, col: 2 } })
3020200054318763 --D--> 3000202054318763
start animate: SlideTile(Tile { value: Number(4), position: Position { row: 0, col: 2 } }, Position { row: 1, col: 2 })
start animate: SpawnRandomTile(Tile { value: Number(2), position: Position { row: 0, col: 3 } })
3001202054318763 --L--> 3100300054318763
start animate: SlideTile(Tile { value: Number(2), position: Position { row: 0, col: 3 } }, Position { row: 0, col: 1 })
start animate: MergeTiles(Tile { value: Number(4), position: Position { row: 1, col: 0 } }, Tile { value: Number(4), position: Position { row: 1, col: 2 } }, Position { row: 1, col: 0 }, Number(8))
merging 3 and 0 to 3
start animate: SpawnRandomTile(Tile { value: Number(2), position: Position { row: 0, col: 2 } })
3110300054318763 --D--> 0000411054318763
start animate: MergeTiles(Tile { value: Number(8), position: Position { row: 1, col: 0 } }, Tile { value: Number(8), position: Position { row: 0, col: 0 } }, Position { row: 1, col: 0 }, Number(16))
start animate: SlideTile(Tile { value: Number(2), position: Position { row: 0, col: 1 } }, Position { row: 1, col: 1 })
start animate: SlideTile(Tile { value: Number(2), position: Position { row: 0, col: 2 } }, Position { row: 1, col: 2 })
merging 4 and 0 to 4
start animate: SpawnRandomTile(Tile { value: Number(2), position: Position { row: 0, col: 3 } })
0001411054318763 --L--> 1000420054318763
start animate: SlideTile(Tile { value: Number(2), position: Position { row: 0, col: 3 } }, Position { row: 0, col: 0 })
start animate: MergeTiles(Tile { value: Number(2), position: Position { row: 1, col: 1 } }, Tile { value: Number(2), position: Position { row: 1, col: 2 } }, Position { row: 1, col: 1 }, Number(4))
merging 2 and 0 to 2
start animate: SpawnRandomTile(Tile { value: Number(2), position: Position { row: 1, col: 3 } })
1000420154318763 --R--> 0001042154318763
start animate: SlideTile(Tile { value: Number(2), position: Position { row: 0, col: 0 } }, Position { row: 0, col: 3 })
start animate: SlideTile(Tile { value: Number(4), position: Position { row: 1, col: 1 } }, Position { row: 1, col: 2 })
start animate: SlideTile(Tile { value: Number(16), position: Position { row: 1, col: 0 } }, Position { row: 1, col: 1 })
start animate: SpawnRandomTile(Tile { value: Number(4), position: Position { row: 0, col: 2 } })
0021042154318763 --D--> 0000003155328763
start animate: MergeTiles(Tile { value: Number(16), position: Position { row: 2, col: 1 } }, Tile { value: Number(16), position: Position { row: 1, col: 1 } }, Position { row: 2, col: 1 }, Number(32))
start animate: MergeTiles(Tile { value: Number(4), position: Position { row: 1, col: 2 } }, Tile { value: Number(4), position: Position { row: 0, col: 2 } }, Position { row: 1, col: 2 }, Number(8))
start animate: MergeTiles(Tile { value: Number(2), position: Position { row: 2, col: 3 } }, Tile { value: Number(2), position: Position { row: 1, col: 3 } }, Position { row: 2, col: 3 }, Number(4))
start animate: SlideTile(Tile { value: Number(2), position: Position { row: 0, col: 3 } }, Position { row: 1, col: 3 })
merging 5 and 0 to 5
merging 3 and 0 to 3
merging 2 and 1 to 2
start animate: SpawnRandomTile(Tile { value: Number(2), position: Position { row: 0, col: 3 } })
0001003155328763 --D--> 0000000255428763
start animate: MergeTiles(Tile { value: Number(8), position: Position { row: 2, col: 2 } }, Tile { value: Number(8), position: Position { row: 1, col: 2 } }, Position { row: 2, col: 2 }, Number(16))
start animate: MergeTiles(Tile { value: Number(2), position: Position { row: 1, col: 3 } }, Tile { value: Number(2), position: Position { row: 0, col: 3 } }, Position { row: 1, col: 3 }, Number(4))
merging 4 and 0 to 4
merging 2 and 0 to 2
start animate: SpawnRandomTile(Tile { value: Number(2), position: Position { row: 0, col: 1 } })
0100000255428763 --D--> 0000010055438763
start animate: SlideTile(Tile { value: Number(2), position: Position { row: 0, col: 1 } }, Position { row: 1, col: 1 })
start animate: MergeTiles(Tile { value: Number(4), position: Position { row: 2, col: 3 } }, Tile { value: Number(4), position: Position { row: 1, col: 3 } }, Position { row: 2, col: 3 }, Number(8))
merging 3 and 0 to 3
start animate: SpawnRandomTile(Tile { value: Number(4), position: Position { row: 1, col: 3 } })
0000010255438763 --D--> 0000010055428764
start animate: MergeTiles(Tile { value: Number(8), position: Position { row: 3, col: 3 } }, Tile { value: Number(8), position: Position { row: 2, col: 3 } }, Position { row: 3, col: 3 }, Number(16))
start animate: SlideTile(Tile { value: Number(4), position: Position { row: 1, col: 3 } }, Position { row: 2, col: 3 })
merging 4 and 2 to 4
start animate: SpawnRandomTile(Tile { value: Number(2), position: Position { row: 0, col: 0 } })
1000010055428764 --R--> 0001000106428764
start animate: SlideTile(Tile { value: Number(2), position: Position { row: 0, col: 0 } }, Position { row: 0, col: 3 })
start animate: SlideTile(Tile { value: Number(2), position: Position { row: 1, col: 1 } }, Position { row: 1, col: 3 })
start animate: MergeTiles(Tile { value: Number(32), position: Position { row: 2, col: 1 } }, Tile { value: Number(32), position: Position { row: 2, col: 0 } }, Position { row: 2, col: 1 }, Number(64))
merging 6 and 0 to 6
start animate: SpawnRandomTile(Tile { value: Number(4), position: Position { row: 2, col: 0 } })
0001000126428764 --D--> 0000000226428764
start animate: MergeTiles(Tile { value: Number(2), position: Position { row: 1, col: 3 } }, Tile { value: Number(2), position: Position { row: 0, col: 3 } }, Position { row: 1, col: 3 }, Number(4))
merging 2 and 0 to 2
start animate: SpawnRandomTile(Tile { value: Number(2), position: Position { row: 1, col: 0 } })
0000100226428764 --D--> 0000100026438764
start animate: MergeTiles(Tile { value: Number(4), position: Position { row: 2, col: 3 } }, Tile { value: Number(4), position: Position { row: 1, col: 3 } }, Position { row: 2, col: 3 }, Number(8))
merging 3 and 0 to 3
start animate: SpawnRandomTile(Tile { value: Number(2), position: Position { row: 0, col: 0 } })
1000100026438764 --D--> 0000200026438764
start animate: MergeTiles(Tile { value: Number(2), position: Position { row: 1, col: 0 } }, Tile { value: Number(2), position: Position { row: 0, col: 0 } }, Position { row: 1, col: 0 }, Number(4))
merging 2 and 0 to 2
start animate: SpawnRandomTile(Tile { value: Number(4), position: Position { row: 1, col: 1 } })
0000220026438764 --D--> 0000020036438764
start animate: MergeTiles(Tile { value: Number(4), position: Position { row: 2, col: 0 } }, Tile { value: Number(4), position: Position { row: 1, col: 0 } }, Position { row: 2, col: 0 }, Number(8))
merging 3 and 0 to 3
start animate: SpawnRandomTile(Tile { value: Number(2), position: Position { row: 1, col: 2 } })
0000021036438764 --L--> 0000210036438764
start animate: SlideTile(Tile { value: Number(4), position: Position { row: 1, col: 1 } }, Position { row: 1, col: 0 })
start animate: SlideTile(Tile { value: Number(2), position: Position { row: 1, col: 2 } }, Position { row: 1, col: 1 })
start animate: SpawnRandomTile(Tile { value: Number(2), position: Position { row: 1, col: 2 } })
0000211036438764 --L--> 0000220036438764
start animate: MergeTiles(Tile { value: Number(2), position: Position { row: 1, col: 1 } }, Tile { value: Number(2), position: Position { row: 1, col: 2 } }, Position { row: 1, col: 1 }, Number(4))
merging 2 and 0 to 2
start animate: SpawnRandomTile(Tile { value: Number(4), position: Position { row: 0, col: 3 } })
0002220036438764 --L--> 2000300036438764
start animate: SlideTile(Tile { value: Number(4), position: Position { row: 0, col: 3 } }, Position { row: 0, col: 0 })
start animate: MergeTiles(Tile { value: Number(4), position: Position { row: 1, col: 0 } }, Tile { value: Number(4), position: Position { row: 1, col: 1 } }, Position { row: 1, col: 0 }, Number(8))
merging 3 and 0 to 3
start animate: SpawnRandomTile(Tile { value: Number(2), position: Position { row: 1, col: 1 } })
2000310036438764 --D--> 0000210046438764
start animate: MergeTiles(Tile { value: Number(8), position: Position { row: 2, col: 0 } }, Tile { value: Number(8), position: Position { row: 1, col: 0 } }, Position { row: 2, col: 0 }, Number(16))
start animate: SlideTile(Tile { value: Number(4), position: Position { row: 0, col: 0 } }, Position { row: 1, col: 0 })
merging 4 and 2 to 4
start animate: SpawnRandomTile(Tile { value: Number(2), position: Position { row: 0, col: 1 } })
0100210046438764 --D--> 0000220046438764
start animate: MergeTiles(Tile { value: Number(2), position: Position { row: 1, col: 1 } }, Tile { value: Number(2), position: Position { row: 0, col: 1 } }, Position { row: 1, col: 1 }, Number(4))
merging 2 and 0 to 2
start animate: SpawnRandomTile(Tile { value: Number(4), position: Position { row: 0, col: 2 } })
0020220046438764 --D--> 0000222046438764
start animate: SlideTile(Tile { value: Number(4), position: Position { row: 0, col: 2 } }, Position { row: 1, col: 2 })
start animate: SpawnRandomTile(Tile { value: Number(4), position: Position { row: 1, col: 3 } })
0000222246438764 --L--> 0000330046438764
start animate: MergeTiles(Tile { value: Number(4), position: Position { row: 1, col: 0 } }, Tile { value: Number(4), position: Position { row: 1, col: 1 } }, Position { row: 1, col: 0 }, Number(8))
start animate: MergeTiles(Tile { value: Number(4), position: Position { row: 1, col: 2 } }, Tile { value: Number(4), position: Position { row: 1, col: 3 } }, Position { row: 1, col: 1 }, Number(8))
merging 3 and 3 to 3
merging 0 and 0 to 3
start animate: SpawnRandomTile(Tile { value: Number(2), position: Position { row: 0, col: 0 } })
1000330046438764 --L--> 1000400046438764
start animate: MergeTiles(Tile { value: Number(8), position: Position { row: 1, col: 0 } }, Tile { value: Number(8), position: Position { row: 1, col: 1 } }, Position { row: 1, col: 0 }, Number(16))
merging 4 and 0 to 4
start animate: SpawnRandomTile(Tile { value: Number(2), position: Position { row: 1, col: 3 } })
1000400146438764 --D--> 0000100156438764
start animate: MergeTiles(Tile { value: Number(16), position: Position { row: 2, col: 0 } }, Tile { value: Number(16), position: Position { row: 1, col: 0 } }, Position { row: 2, col: 0 }, Number(32))
start animate: SlideTile(Tile { value: Number(2), position: Position { row: 0, col: 0 } }, Position { row: 1, col: 0 })
merging 5 and 1 to 5
start animate: SpawnRandomTile(Tile { value: Number(2), position: Position { row: 1, col: 2 } })
0000101156438764 --L--> 0000210056438764
start animate: MergeTiles(Tile { value: Number(2), position: Position { row: 1, col: 0 } }, Tile { value: Number(2), position: Position { row: 1, col: 2 } }, Position { row: 1, col: 0 }, Number(4))
start animate: SlideTile(Tile { value: Number(2), position: Position { row: 1, col: 3 } }, Position { row: 1, col: 1 })
merging 2 and 0 to 2
start animate: SpawnRandomTile(Tile { value: Number(4), position: Position { row: 0, col: 3 } })
0002210056438764 --L--> 2000210056438764
start animate: SlideTile(Tile { value: Number(4), position: Position { row: 0, col: 3 } }, Position { row: 0, col: 0 })
start animate: SpawnRandomTile(Tile { value: Number(2), position: Position { row: 0, col: 2 } })
2010210056438764 --D--> 0000311056438764
start animate: MergeTiles(Tile { value: Number(4), position: Position { row: 1, col: 0 } }, Tile { value: Number(4), position: Position { row: 0, col: 0 } }, Position { row: 1, col: 0 }, Number(8))
start animate: SlideTile(Tile { value: Number(2), position: Position { row: 0, col: 2 } }, Position { row: 1, col: 2 })
merging 3 and 0 to 3
start animate: SpawnRandomTile(Tile { value: Number(2), position: Position { row: 0, col: 2 } })
0010311056438764 --L--> 1000320056438764
start animate: SlideTile(Tile { value: Number(2), position: Position { row: 0, col: 2 } }, Position { row: 0, col: 0 })
start animate: MergeTiles(Tile { value: Number(2), position: Position { row: 1, col: 1 } }, Tile { value: Number(2), position: Position { row: 1, col: 2 } }, Position { row: 1, col: 1 }, Number(4))
merging 2 and 0 to 2
start animate: SpawnRandomTile(Tile { value: Number(2), position: Position { row: 1, col: 3 } })
1000320156438764 --R--> 0001032156438764
start animate: SlideTile(Tile { value: Number(2), position: Position { row: 0, col: 0 } }, Position { row: 0, col: 3 })
start animate: SlideTile(Tile { value: Number(4), position: Position { row: 1, col: 1 } }, Position { row: 1, col: 2 })
start animate: SlideTile(Tile { value: Number(8), position: Position { row: 1, col: 0 } }, Position { row: 1, col: 1 })
start animate: SpawnRandomTile(Tile { value: Number(2), position: Position { row: 0, col: 0 } })
1001032156438764 --D--> 0000132256438764
start animate: SlideTile(Tile { value: Number(2), position: Position { row: 0, col: 0 } }, Position { row: 1, col: 0 })
start animate: MergeTiles(Tile { value: Number(2), position: Position { row: 1, col: 3 } }, Tile { value: Number(2), position: Position { row: 0, col: 3 } }, Position { row: 1, col: 3 }, Number(4))
merging 2 and 0 to 2
start animate: SpawnRandomTile(Tile { value: Number(2), position: Position { row: 0, col: 3 } })
0001132256438764 --R--> 0001013356438764
start animate: MergeTiles(Tile { value: Number(4), position: Position { row: 1, col: 3 } }, Tile { value: Number(4), position: Position { row: 1, col: 2 } }, Position { row: 1, col: 3 }, Number(8))
start animate: SlideTile(Tile { value: Number(8), position: Position { row: 1, col: 1 } }, Position { row: 1, col: 2 })
start animate: SlideTile(Tile { value: Number(2), position: Position { row: 1, col: 0 } }, Position { row: 1, col: 1 })
merging 3 and 3 to 3
start animate: SpawnRandomTile(Tile { value: Number(2), position: Position { row: 0, col: 0 } })
1001013356438764 --D--> 0000113156448764
start animate: SlideTile(Tile { value: Number(2), position: Position { row: 0, col: 0 } }, Position { row: 1, col: 0 })
start animate: MergeTiles(Tile { value: Number(8), position: Position { row: 2, col: 3 } }, Tile { value: Number(8), position: Position { row: 1, col: 3 } }, Position { row: 2, col: 3 }, Number(16))
start animate: SlideTile(Tile { value: Number(2), position: Position { row: 0, col: 3 } }, Position { row: 1, col: 3 })
merging 4 and 1 to 4
start animate: SpawnRandomTile(Tile { value: Number(2), position: Position { row: 0, col: 2 } })
0010113156448764 --D--> 0010113056418765
start animate: MergeTiles(Tile { value: Number(16), position: Position { row: 3, col: 3 } }, Tile { value: Number(16), position: Position { row: 2, col: 3 } }, Position { row: 3, col: 3 }, Number(32))
start animate: SlideTile(Tile { value: Number(2), position: Position { row: 1, col: 3 } }, Position { row: 2, col: 3 })
merging 5 and 1 to 5
start animate: SpawnRandomTile(Tile { value: Number(2), position: Position { row: 0, col: 3 } })
0011113056418765 --D--> 0010113056428765
start animate: MergeTiles(Tile { value: Number(2), position: Position { row: 2, col: 3 } }, Tile { value: Number(2), position: Position { row: 0, col: 3 } }, Position { row: 2, col: 3 }, Number(4))
merging 2 and 0 to 2
start animate: SpawnRandomTile(Tile { value: Number(2), position: Position { row: 0, col: 0 } })
1010113056428765 --L--> 2000230056428765
start animate: MergeTiles(Tile { value: Number(2), position: Position { row: 0, col: 0 } }, Tile { value: Number(2), position: Position { row: 0, col: 2 } }, Position { row: 0, col: 0 }, Number(4))
start animate: MergeTiles(Tile { value: Number(2), position: Position { row: 1, col: 0 } }, Tile { value: Number(2), position: Position { row: 1, col: 1 } }, Position { row: 1, col: 0 }, Number(4))
start animate: SlideTile(Tile { value: Number(8), position: Position { row: 1, col: 2 } }, Position { row: 1, col: 1 })
merging 2 and 0 to 2
merging 2 and 3 to 2
start animate: SpawnRandomTile(Tile { value: Number(2), position: Position { row: 1, col: 2 } })
2000231056428765 --R--> 0002023156428765
start animate: SlideTile(Tile { value: Number(4), position: Position { row: 0, col: 0 } }, Position { row: 0, col: 3 })
start animate: SlideTile(Tile { value: Number(2), position: Position { row: 1, col: 2 } }, Position { row: 1, col: 3 })
start animate: SlideTile(Tile { value: Number(8), position: Position { row: 1, col: 1 } }, Position { row: 1, col: 2 })
start animate: SlideTile(Tile { value: Number(4), position: Position { row: 1, col: 0 } }, Position { row: 1, col: 1 })
start animate: SpawnRandomTile(Tile { value: Number(2), position: Position { row: 0, col: 0 } })
1002023156428765 --L--> 1200231056428765
start animate: SlideTile(Tile { value: Number(4), position: Position { row: 0, col: 3 } }, Position { row: 0, col: 1 })
start animate: SlideTile(Tile { value: Number(4), position: Position { row: 1, col: 1 } }, Position { row: 1, col: 0 })
start animate: SlideTile(Tile { value: Number(8), position: Position { row: 1, col: 2 } }, Position { row: 1, col: 1 })
start animate: SlideTile(Tile { value: Number(2), position: Position { row: 1, col: 3 } }, Position { row: 1, col: 2 })
start animate: SpawnRandomTile(Tile { value: Number(2), position: Position { row: 0, col: 3 } })
1201231056428765 --R--> 0121023156428765
start animate: SlideTile(Tile { value: Number(4), position: Position { row: 0, col: 1 } }, Position { row: 0, col: 2 })
start animate: SlideTile(Tile { value: Number(2), position: Position { row: 0, col: 0 } }, Position { row: 0, col: 1 })
start animate: SlideTile(Tile { value: Number(2), position: Position { row: 1, col: 2 } }, Position { row: 1, col: 3 })
start animate: SlideTile(Tile { value: Number(8), position: Position { row: 1, col: 1 } }, Position { row: 1, col: 2 })
start animate: SlideTile(Tile { value: Number(4), position: Position { row: 1, col: 0 } }, Position { row: 1, col: 1 })
start animate: SpawnRandomTile(Tile { value: Number(2), position: Position { row: 1, col: 0 } })
0121123156428765 --D--> 0120123256428765
start animate: MergeTiles(Tile { value: Number(2), position: Position { row: 1, col: 3 } }, Tile { value: Number(2), position: Position { row: 0, col: 3 } }, Position { row: 1, col: 3 }, Number(4))
merging 2 and 0 to 2
start animate: SpawnRandomTile(Tile { value: Number(2), position: Position { row: 0, col: 0 } })
1120123256428765 --D--> 0120223056438765
start animate: MergeTiles(Tile { value: Number(2), position: Position { row: 1, col: 0 } }, Tile { value: Number(2), position: Position { row: 0, col: 0 } }, Position { row: 1, col: 0 }, Number(4))
start animate: MergeTiles(Tile { value: Number(4), position: Position { row: 2, col: 3 } }, Tile { value: Number(4), position: Position { row: 1, col: 3 } }, Position { row: 2, col: 3 }, Number(8))
merging 2 and 0 to 2
merging 3 and 0 to 3
start animate: SpawnRandomTile(Tile { value: Number(4), position: Position { row: 0, col: 0 } })
2120223056438765 --R--> 0212003356438765
start animate: SlideTile(Tile { value: Number(4), position: Position { row: 0, col: 2 } }, Position { row: 0, col: 3 })
start animate: SlideTile(Tile { value: Number(2), position: Position { row: 0, col: 1 } }, Position { row: 0, col: 2 })
start animate: SlideTile(Tile { value: Number(4), position: Position { row: 0, col: 0 } }, Position { row: 0, col: 1 })
start animate: SlideTile(Tile { value: Number(8), position: Position { row: 1, col: 2 } }, Position { row: 1, col: 3 })
start animate: MergeTiles(Tile { value: Number(4), position: Position { row: 1, col: 1 } }, Tile { value: Number(4), position: Position { row: 1, col: 0 } }, Position { row: 1, col: 2 }, Number(8))
merging 0 and 0 to 3
start animate: SpawnRandomTile(Tile { value: Number(2), position: Position { row: 0, col: 0 } })
1212003356438765 --D--> 0010123256448765
start animate: SlideTile(Tile { value: Number(2), position: Position { row: 0, col: 0 } }, Position { row: 1, col: 0 })
start animate: SlideTile(Tile { value: Number(4), position: Position { row: 0, col: 1 } }, Position { row: 1, col: 1 })
start animate: MergeTiles(Tile { value: Number(8), position: Position { row: 2, col: 3 } }, Tile { value: Number(8), position: Position { row: 1, col: 3 } }, Position { row: 2, col: 3 }, Number(16))
start animate: SlideTile(Tile { value: Number(4), position: Position { row: 0, col: 3 } }, Position { row: 1, col: 3 })
merging 4 and 2 to 4
start animate: SpawnRandomTile(Tile { value: Number(2), position: Position { row: 0, col: 0 } })
1010123256448765 --R--> 0002123205658765
start animate: MergeTiles(Tile { value: Number(2), position: Position { row: 0, col: 2 } }, Tile { value: Number(2), position: Position { row: 0, col: 0 } }, Position { row: 0, col: 3 }, Number(4))
start animate: MergeTiles(Tile { value: Number(16), position: Position { row: 2, col: 3 } }, Tile { value: Number(16), position: Position { row: 2, col: 2 } }, Position { row: 2, col: 3 }, Number(32))
start animate: SlideTile(Tile { value: Number(64), position: Position { row: 2, col: 1 } }, Position { row: 2, col: 2 })
start animate: SlideTile(Tile { value: Number(32), position: Position { row: 2, col: 0 } }, Position { row: 2, col: 1 })
merging 0 and 0 to 2
merging 5 and 6 to 5
start animate: SpawnRandomTile(Tile { value: Number(2), position: Position { row: 2, col: 0 } })
0002123215658765 --D--> 0000020025338776
start animate: MergeTiles(Tile { value: Number(2), position: Position { row: 2, col: 0 } }, Tile { value: Number(2), position: Position { row: 1, col: 0 } }, Position { row: 2, col: 0 }, Number(4))
start animate: MergeTiles(Tile { value: Number(64), position: Position { row: 3, col: 2 } }, Tile { value: Number(64), position: Position { row: 2, col: 2 } }, Position { row: 3, col: 2 }, Number(128))
start animate: SlideTile(Tile { value: Number(8), position: Position { row: 1, col: 2 } }, Position { row: 2, col: 2 })
start animate: MergeTiles(Tile { value: Number(32), position: Position { row: 3, col: 3 } }, Tile { value: Number(32), position: Position { row: 2, col: 3 } }, Position { row: 3, col: 3 }, Number(64))
start animate: MergeTiles(Tile { value: Number(4), position: Position { row: 1, col: 3 } }, Tile { value: Number(4), position: Position { row: 0, col: 3 } }, Position { row: 2, col: 3 }, Number(8))
merging 2 and 0 to 2
merging 7 and 3 to 7
merging 6 and 3 to 6
merging 0 and 0 to 3
start animate: SpawnRandomTile(Tile { value: Number(4), position: Position { row: 0, col: 3 } })
0002020025338776 --L--> 2000200025408860
start animate: SlideTile(Tile { value: Number(4), position: Position { row: 0, col: 3 } }, Position { row: 0, col: 0 })
start animate: SlideTile(Tile { value: Number(4), position: Position { row: 1, col: 1 } }, Position { row: 1, col: 0 })
start animate: MergeTiles(Tile { value: Number(8), position: Position { row: 2, col: 2 } }, Tile { value: Number(8), position: Position { row: 2, col: 3 } }, Position { row: 2, col: 2 }, Number(16))
start animate: MergeTiles(Tile { value: Number(128), position: Position { row: 3, col: 1 } }, Tile { value: Number(128), position: Position { row: 3, col: 2 } }, Position { row: 3, col: 1 }, Number(256))
start animate: SlideTile(Tile { value: Number(64), position: Position { row: 3, col: 3 } }, Position { row: 3, col: 2 })
merging 4 and 0 to 4
merging 8 and 6 to 8
start animate: SpawnRandomTile(Tile { value: Number(2), position: Position { row: 1, col: 2 } })
2000201025408860 --L--> 2000210025409600
start animate: SlideTile(Tile { value: Number(2), position: Position { row: 1, col: 2 } }, Position { row: 1, col: 1 })
start animate: MergeTiles(Tile { value: Number(256), position: Position { row: 3, col: 0 } }, Tile { value: Number(256), position: Position { row: 3, col: 1 } }, Position { row: 3, col: 0 }, Number(512))
start animate: SlideTile(Tile { value: Number(64), position: Position { row: 3, col: 2 } }, Position { row: 3, col: 1 })
merging 9 and 6 to 9
start animate: SpawnRandomTile(Tile { value: Number(2), position: Position { row: 0, col: 3 } })
2001210025409600 --D--> 0000210035009641
start animate: MergeTiles(Tile { value: Number(4), position: Position { row: 2, col: 0 } }, Tile { value: Number(4), position: Position { row: 1, col: 0 } }, Position { row: 2, col: 0 }, Number(8))
start animate: SlideTile(Tile { value: Number(4), position: Position { row: 0, col: 0 } }, Position { row: 1, col: 0 })
start animate: SlideTile(Tile { value: Number(16), position: Position { row: 2, col: 2 } }, Position { row: 3, col: 2 })
start animate: SlideTile(Tile { value: Number(2), position: Position { row: 0, col: 3 } }, Position { row: 3, col: 3 })
merging 3 and 2 to 3
start animate: SpawnRandomTile(Tile { value: Number(2), position: Position { row: 0, col: 3 } })
0001210035009641 --D--> 0000210035009642
start animate: MergeTiles(Tile { value: Number(2), position: Position { row: 3, col: 3 } }, Tile { value: Number(2), position: Position { row: 0, col: 3 } }, Position { row: 3, col: 3 }, Number(4))
merging 2 and 0 to 2
start animate: SpawnRandomTile(Tile { value: Number(2), position: Position { row: 0, col: 0 } })
1000210035009642 --L--> 1000210035009642
1000210035009642 --D--> 1000210035009642
1000210035009642 --R--> 0001002100359642
start animate: SlideTile(Tile { value: Number(2), position: Position { row: 0, col: 0 } }, Position { row: 0, col: 3 })
start animate: SlideTile(Tile { value: Number(2), position: Position { row: 1, col: 1 } }, Position { row: 1, col: 3 })
start animate: SlideTile(Tile { value: Number(4), position: Position { row: 1, col: 0 } }, Position { row: 1, col: 2 })
start animate: SlideTile(Tile { value: Number(32), position: Position { row: 2, col: 1 } }, Position { row: 2, col: 3 })
start animate: SlideTile(Tile { value: Number(8), position: Position { row: 2, col: 0 } }, Position { row: 2, col: 2 })
start animate: SpawnRandomTile(Tile { value: Number(2), position: Position { row: 2, col: 1 } })
0001002101359642 --L--> 1000210013509642
start animate: SlideTile(Tile { value: Number(2), position: Position { row: 0, col: 3 } }, Position { row: 0, col: 0 })
start animate: SlideTile(Tile { value: Number(4), position: Position { row: 1, col: 2 } }, Position { row: 1, col: 0 })
start animate: SlideTile(Tile { value: Number(2), position: Position { row: 1, col: 3 } }, Position { row: 1, col: 1 })
start animate: SlideTile(Tile { value: Number(2), position: Position { row: 2, col: 1 } }, Position { row: 2, col: 0 })
start animate: SlideTile(Tile { value: Number(8), position: Position { row: 2, col: 2 } }, Position { row: 2, col: 1 })
start animate: SlideTile(Tile { value: Number(32), position: Position { row: 2, col: 3 } }, Position { row: 2, col: 2 })
start animate: SpawnRandomTile(Tile { value: Number(2), position: Position { row: 0, col: 3 } })
1001210013509642 --D--> 1000210013519642
start animate: SlideTile(Tile { value: Number(2), position: Position { row: 0, col: 3 } }, Position { row: 2, col: 3 })
start animate: SpawnRandomTile(Tile { value: Number(2), position: Position { row: 0, col: 3 } })
1001210013519642 --D--> 1000210013529642
start animate: MergeTiles(Tile { value: Number(2), position: Position { row: 2, col: 3 } }, Tile { value: Number(2), position: Position { row: 0, col: 3 } }, Position { row: 2, col: 3 }, Number(4))
merging 2 and 0 to 2
start animate: SpawnRandomTile(Tile { value: Number(2), position: Position { row: 1, col: 2 } })
1000211013529642 --L--> 1000220013529642
start animate: MergeTiles(Tile { value: Number(2), position: Position { row: 1, col: 1 } }, Tile { value: Number(2), position: Position { row: 1, col: 2 } }, Position { row: 1, col: 1 }, Number(4))
merging 2 and 0 to 2
start animate: SpawnRandomTile(Tile { value: Number(2), position: Position { row: 0, col: 1 } })
1100220013529642 --L--> 2000300013529642
start animate: MergeTiles(Tile { value: Number(2), position: Position { row: 0, col: 0 } }, Tile { value: Number(2), position: Position { row: 0, col: 1 } }, Position { row: 0, col: 0 }, Number(4))
start animate: MergeTiles(Tile { value: Number(4), position: Position { row: 1, col: 0 } }, Tile { value: Number(4), position: Position { row: 1, col: 1 } }, Position { row: 1, col: 0 }, Number(8))
merging 2 and 0 to 2
merging 3 and 0 to 3
start animate: SpawnRandomTile(Tile { value: Number(2), position: Position { row: 1, col: 1 } })
2000310013529642 --R--> 0002003113529642
start animate: SlideTile(Tile { value: Number(4), position: Position { row: 0, col: 0 } }, Position { row: 0, col: 3 })
start animate: SlideTile(Tile { value: Number(2), position: Position { row: 1, col: 1 } }, Position { row: 1, col: 3 })
start animate: SlideTile(Tile { value: Number(8), position: Position { row: 1, col: 0 } }, Position { row: 1, col: 2 })
start animate: SpawnRandomTile(Tile { value: Number(2), position: Position { row: 1, col: 1 } })
0002013113529642 --D--> 0000013213519643
start animate: MergeTiles(Tile { value: Number(4), position: Position { row: 3, col: 3 } }, Tile { value: Number(4), position: Position { row: 2, col: 3 } }, Position { row: 3, col: 3 }, Number(8))
start animate: SlideTile(Tile { value: Number(2), position: Position { row: 1, col: 3 } }, Position { row: 2, col: 3 })
start animate: SlideTile(Tile { value: Number(4), position: Position { row: 0, col: 3 } }, Position { row: 1, col: 3 })
merging 3 and 1 to 3
start animate: SpawnRandomTile(Tile { value: Number(2), position: Position { row: 0, col: 0 } })
1000013213519643 --D--> 0000013223519643
start animate: MergeTiles(Tile { value: Number(2), position: Position { row: 2, col: 0 } }, Tile { value: Number(2), position: Position { row: 0, col: 0 } }, Position { row: 2, col: 0 }, Number(4))
merging 2 and 0 to 2
start animate: SpawnRandomTile(Tile { value: Number(2), position: Position { row: 0, col: 1 } })
0100013223519643 --D--> 0000023223519643
start animate: MergeTiles(Tile { value: Number(2), position: Position { row: 1, col: 1 } }, Tile { value: Number(2), position: Position { row: 0, col: 1 } }, Position { row: 1, col: 1 }, Number(4))
merging 2 and 0 to 2
start animate: SpawnRandomTile(Tile { value: Number(2), position: Position { row: 1, col: 0 } })
0000123223519643 --L--> 0000123223519643
0000123223519643 --D--> 0000123223519643
0000123223519643 --R--> 0000123223519643
0000123223519643 --L--> 0000123223519643
0000123223519643 --U--> 1232235196430000
start animate: SlideTile(Tile { value: Number(2), position: Position { row: 1, col: 0 } }, Position { row: 0, col: 0 })
start animate: SlideTile(Tile { value: Number(4), position: Position { row: 2, col: 0 } }, Position { row: 1, col: 0 })
start animate: SlideTile(Tile { value: Number(512), position: Position { row: 3, col: 0 } }, Position { row: 2, col: 0 })
start animate: SlideTile(Tile { value: Number(4), position: Position { row: 1, col: 1 } }, Position { row: 0, col: 1 })
start animate: SlideTile(Tile { value: Number(8), position: Position { row: 2, col: 1 } }, Position { row: 1, col: 1 })
start animate: SlideTile(Tile { value: Number(64), position: Position { row: 3, col: 1 } }, Position { row: 2, col: 1 })
start animate: SlideTile(Tile { value: Number(8), position: Position { row: 1, col: 2 } }, Position { row: 0, col: 2 })
start animate: SlideTile(Tile { value: Number(32), position: Position { row: 2, col: 2 } }, Position { row: 1, col: 2 })
start animate: SlideTile(Tile { value: Number(16), position: Position { row: 3, col: 2 } }, Position { row: 2, col: 2 })
start animate: SlideTile(Tile { value: Number(4), position: Position { row: 1, col: 3 } }, Position { row: 0, col: 3 })
start animate: SlideTile(Tile { value: Number(2), position: Position { row: 2, col: 3 } }, Position { row: 1, col: 3 })
start animate: SlideTile(Tile { value: Number(8), position: Position { row: 3, col: 3 } }, Position { row: 2, col: 3 })
start animate: SpawnRandomTile(Tile { value: Number(2), position: Position { row: 3, col: 1 } })
1232235196430100 --D--> 0200133226519143
start animate: SlideTile(Tile { value: Number(512), position: Position { row: 2, col: 0 } }, Position { row: 3, col: 0 })
start animate: SlideTile(Tile { value: Number(4), position: Position { row: 1, col: 0 } }, Position { row: 2, col: 0 })
start animate: SlideTile(Tile { value: Number(2), position: Position { row: 0, col: 0 } }, Position { row: 1, col: 0 })
start animate: SlideTile(Tile { value: Number(16), position: Position { row: 2, col: 2 } }, Position { row: 3, col: 2 })
start animate: SlideTile(Tile { value: Number(32), position: Position { row: 1, col: 2 } }, Position { row: 2, col: 2 })
start animate: SlideTile(Tile { value: Number(8), position: Position { row: 0, col: 2 } }, Position { row: 1, col: 2 })
start animate: SlideTile(Tile { value: Number(8), position: Position { row: 2, col: 3 } }, Position { row: 3, col: 3 })
start animate: SlideTile(Tile { value: Number(2), position: Position { row: 1, col: 3 } }, Position { row: 2, col: 3 })
start animate: SlideTile(Tile { value: Number(4), position: Position { row: 0, col: 3 } }, Position { row: 1, col: 3 })
start animate: SpawnRandomTile(Tile { value: Number(2), position: Position { row: 0, col: 3 } })
0201133226519143 --L--> 2100142026519143
start animate: SlideTile(Tile { value: Number(4), position: Position { row: 0, col: 1 } }, Position { row: 0, col: 0 })
start animate: SlideTile(Tile { value: Number(2), position: Position { row: 0, col: 3 } }, Position { row: 0, col: 1 })
start animate: MergeTiles(Tile { value: Number(8), position: Position { row: 1, col: 1 } }, Tile { value: Number(8), position: Position { row: 1, col: 2 } }, Position { row: 1, col: 1 }, Number(16))
start animate: SlideTile(Tile { value: Number(4), position: Position { row: 1, col: 3 } }, Position { row: 1, col: 2 })
merging 4 and 2 to 4
start animate: SpawnRandomTile(Tile { value: Number(2), position: Position { row: 0, col: 2 } })
2110142026519143 --D--> 2110142026519143
2110142026519143 --R--> 0022014226519143
start animate: MergeTiles(Tile { value: Number(2), position: Position { row: 0, col: 2 } }, Tile { value: Number(2), position: Position { row: 0, col: 1 } }, Position { row: 0, col: 3 }, Number(4))
start animate: SlideTile(Tile { value: Number(4), position: Position { row: 0, col: 0 } }, Position { row: 0, col: 2 })
start animate: SlideTile(Tile { value: Number(4), position: Position { row: 1, col: 2 } }, Position { row: 1, col: 3 })
start animate: SlideTile(Tile { value: Number(16), position: Position { row: 1, col: 1 } }, Position { row: 1, col: 2 })
start animate: SlideTile(Tile { value: Number(2), position: Position { row: 1, col: 0 } }, Position { row: 1, col: 1 })
merging 2 and 0 to 2
start animate: SpawnRandomTile(Tile { value: Number(2), position: Position { row: 0, col: 1 } })
0122014226519143 --R--> 0013014226519143
start animate: MergeTiles(Tile { value: Number(4), position: Position { row: 0, col: 3 } }, Tile { value: Number(4), position: Position { row: 0, col: 2 } }, Position { row: 0, col: 3 }, Number(8))
start animate: SlideTile(Tile { value: Number(2), position: Position { row: 0, col: 1 } }, Position { row: 0, col: 2 })
merging 3 and 1 to 3
start animate: SpawnRandomTile(Tile { value: Number(2), position: Position { row: 0, col: 0 } })
1013014226519143 --D--> 0013114226519143
start animate: SlideTile(Tile { value: Number(2), position: Position { row: 0, col: 0 } }, Position { row: 1, col: 0 })
start animate: SpawnRandomTile(Tile { value: Number(2), position: Position { row: 0, col: 0 } })
1013114226519143 --L--> 2300242026519143
start animate: MergeTiles(Tile { value: Number(2), position: Position { row: 0, col: 0 } }, Tile { value: Number(2), position: Position { row: 0, col: 2 } }, Position { row: 0, col: 0 }, Number(4))
start animate: SlideTile(Tile { value: Number(8), position: Position { row: 0, col: 3 } }, Position { row: 0, col: 1 })
start animate: MergeTiles(Tile { value: Number(2), position: Position { row: 1, col: 0 } }, Tile { value: Number(2), position: Position { row: 1, col: 1 } }, Position { row: 1, col: 0 }, Number(4))
start animate: SlideTile(Tile { value: Number(16), position: Position { row: 1, col: 2 } }, Position { row: 1, col: 1 })
start animate: SlideTile(Tile { value: Number(4), position: Position { row: 1, col: 3 } }, Position { row: 1, col: 2 })
merging 2 and 0 to 2
merging 2 and 4 to 2
start animate: SpawnRandomTile(Tile { value: Number(2), position: Position { row: 0, col: 2 } })
2310242026519143 --D--> 0310242036519143
start animate: MergeTiles(Tile { value: Number(4), position: Position { row: 2, col: 0 } }, Tile { value: Number(4), position: Position { row: 1, col: 0 } }, Position { row: 2, col: 0 }, Number(8))
start animate: SlideTile(Tile { value: Number(4), position: Position { row: 0, col: 0 } }, Position { row: 1, col: 0 })
merging 3 and 2 to 3
start animate: SpawnRandomTile(Tile { value: Number(2), position: Position { row: 1, col: 3 } })
0310242136519143 --R--> 0031242136519143
start animate: SlideTile(Tile { value: Number(2), position: Position { row: 0, col: 2 } }, Position { row: 0, col: 3 })
start animate: SlideTile(Tile { value: Number(8), position: Position { row: 0, col: 1 } }, Position { row: 0, col: 2 })
start animate: SpawnRandomTile(Tile { value: Number(2), position: Position { row: 0, col: 1 } })
0131242136519143 --L--> 1310242136519143
start animate: SlideTile(Tile { value: Number(2), position: Position { row: 0, col: 1 } }, Position { row: 0, col: 0 })
start animate: SlideTile(Tile { value: Number(8), position: Position { row: 0, col: 2 } }, Position { row: 0, col: 1 })
start animate: SlideTile(Tile { value: Number(2), position: Position { row: 0, col: 3 } }, Position { row: 0, col: 2 })
start animate: SpawnRandomTile(Tile { value: Number(2), position: Position { row: 0, col: 3 } })
1311242136519143 --R--> 0132242136519143
start animate: MergeTiles(Tile { value: Number(2), position: Position { row: 0, col: 3 } }, Tile { value: Number(2), position: Position { row: 0, col: 2 } }, Position { row: 0, col: 3 }, Number(4))
start animate: SlideTile(Tile { value: Number(8), position: Position { row: 0, col: 1 } }, Position { row: 0, col: 2 })
start animate: SlideTile(Tile { value: Number(2), position: Position { row: 0, col: 0 } }, Position { row: 0, col: 1 })
merging 2 and 3 to 2
start animate: SpawnRandomTile(Tile { value: Number(2), position: Position { row: 0, col: 0 } })
1132242136519143 --L--> 2320242136519143
start animate: MergeTiles(Tile { value: Number(2), position: Position { row: 0, col: 0 } }, Tile { value: Number(2), position: Position { row: 0, col: 1 } }, Position { row: 0, col: 0 }, Number(4))
start animate: SlideTile(Tile { value: Number(8), position: Position { row: 0, col: 2 } }, Position { row: 0, col: 1 })
start animate: SlideTile(Tile { value: Number(4), position: Position { row: 0, col: 3 } }, Position { row: 0, col: 2 })
merging 2 and 3 to 2
start animate: SpawnRandomTile(Tile { value: Number(2), position: Position { row: 0, col: 3 } })
2321242136519143 --D--> 0300343136529143
start animate: MergeTiles(Tile { value: Number(4), position: Position { row: 1, col: 0 } }, Tile { value: Number(4), position: Position { row: 0, col: 0 } }, Position { row: 1, col: 0 }, Number(8))
thread 'Compute Task Pool (2)' panicked at src/main.rs:425:59:
called `Option::unwrap()` on a `None` value
note: run with `RUST_BACKTRACE=1` environment variable to display a backtrace
Encountered a panic in system `animated_2048::start_animate`!
Encountered a panic in system `bevy_app::main_schedule::Main::run_main`!
thread 'main' panicked at /Users/isaiasbartelborth/.cargo/registry/src/index.crates.io-6f17d22bba15001f/winit-0.29.15/src/platform_impl/macos/app_state.rs:387:33:
called `Result::unwrap()` on an `Err` value: PoisonError { .. }

 *  The terminal process "/bin/zsh '-l', '-c', 'cargo run'" terminated with exit code: 101. 
 *  Terminal will be reused by tasks, press any key to close it. 
