now rendering board...
3301100000000010 --R--> 0041000100000001
start animate: MergeTiles(Tile { value: Number(8), position: Position { row: 0, col: 1 } }, Tile { value: Number(8), position: Position { row: 0, col: 0 } }, Position { row: 0, col: 2 }, Number(16))
start animate: SlideTile(Tile { value: Number(2), position: Position { row: 1, col: 0 } }, Position { row: 1, col: 3 })
start animate: SlideTile(Tile { value: Number(2), position: Position { row: 3, col: 2 } }, Position { row: 3, col: 3 })
merging 0 and 0 to 4
start animate: SpawnRandomTile(Tile { value: Number(2), position: Position { row: 3, col: 1 } })
0041000100000101 --U--> 0142000100000000
start animate: SlideTile(Tile { value: Number(2), position: Position { row: 3, col: 1 } }, Position { row: 0, col: 1 })
start animate: MergeTiles(Tile { value: Number(2), position: Position { row: 0, col: 3 } }, Tile { value: Number(2), position: Position { row: 1, col: 3 } }, Position { row: 0, col: 3 }, Number(4))
start animate: SlideTile(Tile { value: Number(2), position: Position { row: 3, col: 3 } }, Position { row: 1, col: 3 })
merging 2 and 1 to 2
start animate: SpawnRandomTile(Tile { value: Number(2), position: Position { row: 1, col: 0 } })
0142100100000000 --L--> 1420200000000000
start animate: SlideTile(Tile { value: Number(2), position: Position { row: 0, col: 1 } }, Position { row: 0, col: 0 })
start animate: SlideTile(Tile { value: Number(16), position: Position { row: 0, col: 2 } }, Position { row: 0, col: 1 })
start animate: SlideTile(Tile { value: Number(4), position: Position { row: 0, col: 3 } }, Position { row: 0, col: 2 })
start animate: MergeTiles(Tile { value: Number(2), position: Position { row: 1, col: 0 } }, Tile { value: Number(2), position: Position { row: 1, col: 3 } }, Position { row: 1, col: 0 }, Number(4))
merging 2 and 0 to 2
start animate: SpawnRandomTile(Tile { value: Number(2), position: Position { row: 1, col: 1 } })
1420210000000000 --D--> 0000000014002120
start animate: SlideTile(Tile { value: Number(4), position: Position { row: 1, col: 0 } }, Position { row: 3, col: 0 })
start animate: SlideTile(Tile { value: Number(2), position: Position { row: 0, col: 0 } }, Position { row: 2, col: 0 })
start animate: SlideTile(Tile { value: Number(2), position: Position { row: 1, col: 1 } }, Position { row: 3, col: 1 })
start animate: SlideTile(Tile { value: Number(16), position: Position { row: 0, col: 1 } }, Position { row: 2, col: 1 })
start animate: SlideTile(Tile { value: Number(4), position: Position { row: 0, col: 2 } }, Position { row: 3, col: 2 })
start animate: SpawnRandomTile(Tile { value: Number(2), position: Position { row: 0, col: 3 } })
0001000014002120 --L--> 1000000014002120
start animate: SlideTile(Tile { value: Number(2), position: Position { row: 0, col: 3 } }, Position { row: 0, col: 0 })
start animate: SpawnRandomTile(Tile { value: Number(2), position: Position { row: 1, col: 1 } })
1000010014002120 --U--> 2120240001000000
start animate: MergeTiles(Tile { value: Number(2), position: Position { row: 0, col: 0 } }, Tile { value: Number(2), position: Position { row: 2, col: 0 } }, Position { row: 0, col: 0 }, Number(4))
start animate: SlideTile(Tile { value: Number(4), position: Position { row: 3, col: 0 } }, Position { row: 1, col: 0 })
start animate: SlideTile(Tile { value: Number(2), position: Position { row: 1, col: 1 } }, Position { row: 0, col: 1 })
start animate: SlideTile(Tile { value: Number(16), position: Position { row: 2, col: 1 } }, Position { row: 1, col: 1 })
start animate: SlideTile(Tile { value: Number(2), position: Position { row: 3, col: 1 } }, Position { row: 2, col: 1 })
start animate: SlideTile(Tile { value: Number(4), position: Position { row: 3, col: 2 } }, Position { row: 0, col: 2 })
merging 2 and 0 to 2
start animate: SpawnRandomTile(Tile { value: Number(2), position: Position { row: 3, col: 1 } })
2120240001000100 --U--> 3120040002000000
start animate: MergeTiles(Tile { value: Number(4), position: Position { row: 0, col: 0 } }, Tile { value: Number(4), position: Position { row: 1, col: 0 } }, Position { row: 0, col: 0 }, Number(8))
start animate: MergeTiles(Tile { value: Number(2), position: Position { row: 2, col: 1 } }, Tile { value: Number(2), position: Position { row: 3, col: 1 } }, Position { row: 2, col: 1 }, Number(4))
merging 3 and 0 to 3
merging 2 and 0 to 2
start animate: SpawnRandomTile(Tile { value: Number(2), position: Position { row: 2, col: 0 } })
3120040012000000 --L--> 3120400012000000
start animate: SlideTile(Tile { value: Number(16), position: Position { row: 1, col: 1 } }, Position { row: 1, col: 0 })
start animate: SpawnRandomTile(Tile { value: Number(4), position: Position { row: 1, col: 1 } })
3120420012000000 --D--> 0000300041001320
start animate: SlideTile(Tile { value: Number(2), position: Position { row: 2, col: 0 } }, Position { row: 3, col: 0 })
start animate: SlideTile(Tile { value: Number(16), position: Position { row: 1, col: 0 } }, Position { row: 2, col: 0 })
start animate: SlideTile(Tile { value: Number(8), position: Position { row: 0, col: 0 } }, Position { row: 1, col: 0 })
start animate: MergeTiles(Tile { value: Number(4), position: Position { row: 2, col: 1 } }, Tile { value: Number(4), position: Position { row: 1, col: 1 } }, Position { row: 3, col: 1 }, Number(8))
start animate: SlideTile(Tile { value: Number(2), position: Position { row: 0, col: 1 } }, Position { row: 2, col: 1 })
start animate: SlideTile(Tile { value: Number(4), position: Position { row: 0, col: 2 } }, Position { row: 3, col: 2 })
merging 1 and 0 to 3
start animate: SpawnRandomTile(Tile { value: Number(2), position: Position { row: 1, col: 3 } })
0000300141001320 --L--> 0000310041001320
start animate: SlideTile(Tile { value: Number(2), position: Position { row: 1, col: 3 } }, Position { row: 1, col: 1 })
start animate: SpawnRandomTile(Tile { value: Number(2), position: Position { row: 1, col: 3 } })
0000310141001320 --D--> 0000300042001321
start animate: MergeTiles(Tile { value: Number(2), position: Position { row: 2, col: 1 } }, Tile { value: Number(2), position: Position { row: 1, col: 1 } }, Position { row: 2, col: 1 }, Number(4))
start animate: SlideTile(Tile { value: Number(2), position: Position { row: 1, col: 3 } }, Position { row: 3, col: 3 })
merging 2 and 0 to 2
start animate: SpawnRandomTile(Tile { value: Number(2), position: Position { row: 0, col: 3 } })
0001300042001321 --D--> 0000300042001322
start animate: MergeTiles(Tile { value: Number(2), position: Position { row: 3, col: 3 } }, Tile { value: Number(2), position: Position { row: 0, col: 3 } }, Position { row: 3, col: 3 }, Number(4))
merging 2 and 0 to 2
start animate: SpawnRandomTile(Tile { value: Number(2), position: Position { row: 0, col: 0 } })
1000300042001322 --L--> 1000300042001330
start animate: MergeTiles(Tile { value: Number(4), position: Position { row: 3, col: 2 } }, Tile { value: Number(4), position: Position { row: 3, col: 3 } }, Position { row: 3, col: 2 }, Number(8))
merging 3 and 0 to 3
start animate: SpawnRandomTile(Tile { value: Number(2), position: Position { row: 1, col: 2 } })
1000301042001330 --L--> 1000310042001400
start animate: SlideTile(Tile { value: Number(2), position: Position { row: 1, col: 2 } }, Position { row: 1, col: 1 })
start animate: MergeTiles(Tile { value: Number(8), position: Position { row: 3, col: 1 } }, Tile { value: Number(8), position: Position { row: 3, col: 2 } }, Position { row: 3, col: 1 }, Number(16))
merging 4 and 0 to 4
start animate: SpawnRandomTile(Tile { value: Number(2), position: Position { row: 2, col: 3 } })
1000310042011400 --D--> 1000310042001401
start animate: SlideTile(Tile { value: Number(2), position: Position { row: 2, col: 3 } }, Position { row: 3, col: 3 })
start animate: SpawnRandomTile(Tile { value: Number(2), position: Position { row: 1, col: 2 } })
1000311042001401 --R--> 0001003200420141
start animate: SlideTile(Tile { value: Number(2), position: Position { row: 0, col: 0 } }, Position { row: 0, col: 3 })
start animate: MergeTiles(Tile { value: Number(2), position: Position { row: 1, col: 2 } }, Tile { value: Number(2), position: Position { row: 1, col: 1 } }, Position { row: 1, col: 3 }, Number(4))
start animate: SlideTile(Tile { value: Number(8), position: Position { row: 1, col: 0 } }, Position { row: 1, col: 2 })
start animate: SlideTile(Tile { value: Number(4), position: Position { row: 2, col: 1 } }, Position { row: 2, col: 3 })
start animate: SlideTile(Tile { value: Number(16), position: Position { row: 2, col: 0 } }, Position { row: 2, col: 2 })
start animate: SlideTile(Tile { value: Number(16), position: Position { row: 3, col: 1 } }, Position { row: 3, col: 2 })
start animate: SlideTile(Tile { value: Number(2), position: Position { row: 3, col: 0 } }, Position { row: 3, col: 1 })
merging 3 and 0 to 2
start animate: SpawnRandomTile(Tile { value: Number(2), position: Position { row: 0, col: 2 } })
0011003200420141 --D--> 0000001100330151
start animate: MergeTiles(Tile { value: Number(16), position: Position { row: 3, col: 2 } }, Tile { value: Number(16), position: Position { row: 2, col: 2 } }, Position { row: 3, col: 2 }, Number(32))
start animate: SlideTile(Tile { value: Number(8), position: Position { row: 1, col: 2 } }, Position { row: 2, col: 2 })
start animate: SlideTile(Tile { value: Number(2), position: Position { row: 0, col: 2 } }, Position { row: 1, col: 2 })
start animate: MergeTiles(Tile { value: Number(4), position: Position { row: 2, col: 3 } }, Tile { value: Number(4), position: Position { row: 1, col: 3 } }, Position { row: 2, col: 3 }, Number(8))
start animate: SlideTile(Tile { value: Number(2), position: Position { row: 0, col: 3 } }, Position { row: 1, col: 3 })
merging 5 and 3 to 5
merging 3 and 1 to 3
start animate: SpawnRandomTile(Tile { value: Number(4), position: Position { row: 0, col: 0 } })
2000001100330151 --R--> 0002000200040151
start animate: SlideTile(Tile { value: Number(4), position: Position { row: 0, col: 0 } }, Position { row: 0, col: 3 })
start animate: MergeTiles(Tile { value: Number(2), position: Position { row: 1, col: 3 } }, Tile { value: Number(2), position: Position { row: 1, col: 2 } }, Position { row: 1, col: 3 }, Number(4))
start animate: MergeTiles(Tile { value: Number(8), position: Position { row: 2, col: 3 } }, Tile { value: Number(8), position: Position { row: 2, col: 2 } }, Position { row: 2, col: 3 }, Number(16))
merging 2 and 0 to 2
merging 4 and 0 to 4
start animate: SpawnRandomTile(Tile { value: Number(2), position: Position { row: 2, col: 0 } })
0002000210040151 --D--> 0000000300041151
start animate: SlideTile(Tile { value: Number(2), position: Position { row: 2, col: 0 } }, Position { row: 3, col: 0 })
start animate: MergeTiles(Tile { value: Number(4), position: Position { row: 1, col: 3 } }, Tile { value: Number(4), position: Position { row: 0, col: 3 } }, Position { row: 1, col: 3 }, Number(8))
merging 3 and 0 to 3
start animate: SpawnRandomTile(Tile { value: Number(2), position: Position { row: 0, col: 3 } })
0001000300041151 --L--> 1000300040002510
start animate: SlideTile(Tile { value: Number(2), position: Position { row: 0, col: 3 } }, Position { row: 0, col: 0 })
start animate: SlideTile(Tile { value: Number(8), position: Position { row: 1, col: 3 } }, Position { row: 1, col: 0 })
start animate: SlideTile(Tile { value: Number(16), position: Position { row: 2, col: 3 } }, Position { row: 2, col: 0 })
start animate: MergeTiles(Tile { value: Number(2), position: Position { row: 3, col: 0 } }, Tile { value: Number(2), position: Position { row: 3, col: 1 } }, Position { row: 3, col: 0 }, Number(4))
start animate: SlideTile(Tile { value: Number(32), position: Position { row: 3, col: 2 } }, Position { row: 3, col: 1 })
start animate: SlideTile(Tile { value: Number(2), position: Position { row: 3, col: 3 } }, Position { row: 3, col: 2 })
merging 2 and 5 to 2
start animate: SpawnRandomTile(Tile { value: Number(2), position: Position { row: 2, col: 1 } })
1000300041002510 --D--> 1000300041002510
1000300041002510 --R--> 0001000300410251
start animate: SlideTile(Tile { value: Number(2), position: Position { row: 0, col: 0 } }, Position { row: 0, col: 3 })
start animate: SlideTile(Tile { value: Number(8), position: Position { row: 1, col: 0 } }, Position { row: 1, col: 3 })
start animate: SlideTile(Tile { value: Number(2), position: Position { row: 2, col: 1 } }, Position { row: 2, col: 3 })
start animate: SlideTile(Tile { value: Number(16), position: Position { row: 2, col: 0 } }, Position { row: 2, col: 2 })
start animate: SlideTile(Tile { value: Number(2), position: Position { row: 3, col: 2 } }, Position { row: 3, col: 3 })
start animate: SlideTile(Tile { value: Number(32), position: Position { row: 3, col: 1 } }, Position { row: 3, col: 2 })
start animate: SlideTile(Tile { value: Number(4), position: Position { row: 3, col: 0 } }, Position { row: 3, col: 1 })
start animate: SpawnRandomTile(Tile { value: Number(2), position: Position { row: 0, col: 2 } })
0011000300410251 --R--> 0002000300410251
start animate: MergeTiles(Tile { value: Number(2), position: Position { row: 0, col: 3 } }, Tile { value: Number(2), position: Position { row: 0, col: 2 } }, Position { row: 0, col: 3 }, Number(4))
merging 2 and 0 to 2
start animate: SpawnRandomTile(Tile { value: Number(2), position: Position { row: 0, col: 2 } })
0012000300410251 --R--> 0012000300410251
0012000300410251 --L--> 1200300041002510
start animate: SlideTile(Tile { value: Number(2), position: Position { row: 0, col: 2 } }, Position { row: 0, col: 0 })
start animate: SlideTile(Tile { value: Number(4), position: Position { row: 0, col: 3 } }, Position { row: 0, col: 1 })
start animate: SlideTile(Tile { value: Number(8), position: Position { row: 1, col: 3 } }, Position { row: 1, col: 0 })
start animate: SlideTile(Tile { value: Number(16), position: Position { row: 2, col: 2 } }, Position { row: 2, col: 0 })
start animate: SlideTile(Tile { value: Number(2), position: Position { row: 2, col: 3 } }, Position { row: 2, col: 1 })
start animate: SlideTile(Tile { value: Number(4), position: Position { row: 3, col: 1 } }, Position { row: 3, col: 0 })
start animate: SlideTile(Tile { value: Number(32), position: Position { row: 3, col: 2 } }, Position { row: 3, col: 1 })
start animate: SlideTile(Tile { value: Number(2), position: Position { row: 3, col: 3 } }, Position { row: 3, col: 2 })
start animate: SpawnRandomTile(Tile { value: Number(2), position: Position { row: 1, col: 3 } })
1200300141002510 --R--> 0012003100410251
start animate: SlideTile(Tile { value: Number(4), position: Position { row: 0, col: 1 } }, Position { row: 0, col: 3 })
start animate: SlideTile(Tile { value: Number(2), position: Position { row: 0, col: 0 } }, Position { row: 0, col: 2 })
start animate: SlideTile(Tile { value: Number(8), position: Position { row: 1, col: 0 } }, Position { row: 1, col: 2 })
start animate: SlideTile(Tile { value: Number(2), position: Position { row: 2, col: 1 } }, Position { row: 2, col: 3 })
start animate: SlideTile(Tile { value: Number(16), position: Position { row: 2, col: 0 } }, Position { row: 2, col: 2 })
start animate: SlideTile(Tile { value: Number(2), position: Position { row: 3, col: 2 } }, Position { row: 3, col: 3 })
start animate: SlideTile(Tile { value: Number(32), position: Position { row: 3, col: 1 } }, Position { row: 3, col: 2 })
start animate: SlideTile(Tile { value: Number(4), position: Position { row: 3, col: 0 } }, Position { row: 3, col: 1 })
start animate: SpawnRandomTile(Tile { value: Number(2), position: Position { row: 0, col: 0 } })
1012003100410251 --R--> 0022003100410251
start animate: MergeTiles(Tile { value: Number(2), position: Position { row: 0, col: 2 } }, Tile { value: Number(2), position: Position { row: 0, col: 0 } }, Position { row: 0, col: 2 }, Number(4))
merging 2 and 0 to 2
start animate: SpawnRandomTile(Tile { value: Number(2), position: Position { row: 2, col: 1 } })
0022003101410251 --R--> 0003003101410251
start animate: MergeTiles(Tile { value: Number(4), position: Position { row: 0, col: 3 } }, Tile { value: Number(4), position: Position { row: 0, col: 2 } }, Position { row: 0, col: 3 }, Number(8))
merging 3 and 0 to 3
start animate: SpawnRandomTile(Tile { value: Number(2), position: Position { row: 0, col: 1 } })
0103003101410251 --L--> 1300310014102510
start animate: SlideTile(Tile { value: Number(2), position: Position { row: 0, col: 1 } }, Position { row: 0, col: 0 })
start animate: SlideTile(Tile { value: Number(8), position: Position { row: 0, col: 3 } }, Position { row: 0, col: 1 })
start animate: SlideTile(Tile { value: Number(8), position: Position { row: 1, col: 2 } }, Position { row: 1, col: 0 })
start animate: SlideTile(Tile { value: Number(2), position: Position { row: 1, col: 3 } }, Position { row: 1, col: 1 })
start animate: SlideTile(Tile { value: Number(2), position: Position { row: 2, col: 1 } }, Position { row: 2, col: 0 })
start animate: SlideTile(Tile { value: Number(16), position: Position { row: 2, col: 2 } }, Position { row: 2, col: 1 })
start animate: SlideTile(Tile { value: Number(2), position: Position { row: 2, col: 3 } }, Position { row: 2, col: 2 })
start animate: SlideTile(Tile { value: Number(4), position: Position { row: 3, col: 1 } }, Position { row: 3, col: 0 })
start animate: SlideTile(Tile { value: Number(32), position: Position { row: 3, col: 2 } }, Position { row: 3, col: 1 })
start animate: SlideTile(Tile { value: Number(2), position: Position { row: 3, col: 3 } }, Position { row: 3, col: 2 })
start animate: SpawnRandomTile(Tile { value: Number(2), position: Position { row: 0, col: 2 } })
1310310014102510 --D--> 1300310014102520
start animate: MergeTiles(Tile { value: Number(2), position: Position { row: 3, col: 2 } }, Tile { value: Number(2), position: Position { row: 2, col: 2 } }, Position { row: 3, col: 2 }, Number(4))
start animate: SlideTile(Tile { value: Number(2), position: Position { row: 0, col: 2 } }, Position { row: 2, col: 2 })
merging 2 and 1 to 2
start animate: SpawnRandomTile(Tile { value: Number(2), position: Position { row: 3, col: 3 } })
1300310014102521 --R--> 0013003101412521
start animate: SlideTile(Tile { value: Number(8), position: Position { row: 0, col: 1 } }, Position { row: 0, col: 3 })
start animate: SlideTile(Tile { value: Number(2), position: Position { row: 0, col: 0 } }, Position { row: 0, col: 2 })
start animate: SlideTile(Tile { value: Number(2), position: Position { row: 1, col: 1 } }, Position { row: 1, col: 3 })
start animate: SlideTile(Tile { value: Number(8), position: Position { row: 1, col: 0 } }, Position { row: 1, col: 2 })
start animate: SlideTile(Tile { value: Number(2), position: Position { row: 2, col: 2 } }, Position { row: 2, col: 3 })
start animate: SlideTile(Tile { value: Number(16), position: Position { row: 2, col: 1 } }, Position { row: 2, col: 2 })
start animate: SlideTile(Tile { value: Number(2), position: Position { row: 2, col: 0 } }, Position { row: 2, col: 1 })
start animate: SpawnRandomTile(Tile { value: Number(2), position: Position { row: 0, col: 0 } })
1013003101412521 --D--> 0010003311412522
start animate: SlideTile(Tile { value: Number(2), position: Position { row: 0, col: 0 } }, Position { row: 2, col: 0 })
start animate: MergeTiles(Tile { value: Number(2), position: Position { row: 3, col: 3 } }, Tile { value: Number(2), position: Position { row: 2, col: 3 } }, Position { row: 3, col: 3 }, Number(4))
start animate: SlideTile(Tile { value: Number(2), position: Position { row: 1, col: 3 } }, Position { row: 2, col: 3 })
start animate: SlideTile(Tile { value: Number(8), position: Position { row: 0, col: 3 } }, Position { row: 1, col: 3 })
merging 2 and 1 to 2
start animate: SpawnRandomTile(Tile { value: Number(2), position: Position { row: 1, col: 1 } })
0010013311412522 --L--> 1000140024102530
start animate: SlideTile(Tile { value: Number(2), position: Position { row: 0, col: 2 } }, Position { row: 0, col: 0 })
start animate: SlideTile(Tile { value: Number(2), position: Position { row: 1, col: 1 } }, Position { row: 1, col: 0 })
start animate: MergeTiles(Tile { value: Number(8), position: Position { row: 1, col: 2 } }, Tile { value: Number(8), position: Position { row: 1, col: 3 } }, Position { row: 1, col: 1 }, Number(16))
start animate: MergeTiles(Tile { value: Number(2), position: Position { row: 2, col: 0 } }, Tile { value: Number(2), position: Position { row: 2, col: 1 } }, Position { row: 2, col: 0 }, Number(4))
start animate: SlideTile(Tile { value: Number(16), position: Position { row: 2, col: 2 } }, Position { row: 2, col: 1 })
start animate: SlideTile(Tile { value: Number(2), position: Position { row: 2, col: 3 } }, Position { row: 2, col: 2 })
start animate: MergeTiles(Tile { value: Number(4), position: Position { row: 3, col: 2 } }, Tile { value: Number(4), position: Position { row: 3, col: 3 } }, Position { row: 3, col: 2 }, Number(8))
merging 0 and 0 to 4
merging 2 and 4 to 2
merging 3 and 0 to 3
start animate: SpawnRandomTile(Tile { value: Number(2), position: Position { row: 3, col: 3 } })
1000140024102531 --D--> 0000000025103531
start animate: MergeTiles(Tile { value: Number(4), position: Position { row: 3, col: 0 } }, Tile { value: Number(4), position: Position { row: 2, col: 0 } }, Position { row: 3, col: 0 }, Number(8))
start animate: MergeTiles(Tile { value: Number(2), position: Position { row: 1, col: 0 } }, Tile { value: Number(2), position: Position { row: 0, col: 0 } }, Position { row: 2, col: 0 }, Number(4))
start animate: MergeTiles(Tile { value: Number(16), position: Position { row: 2, col: 1 } }, Tile { value: Number(16), position: Position { row: 1, col: 1 } }, Position { row: 2, col: 1 }, Number(32))
merging 3 and 2 to 3
merging 0 and 0 to 2
merging 5 and 0 to 5
start animate: SpawnRandomTile(Tile { value: Number(2), position: Position { row: 1, col: 1 } })
0000010025103531 --D--> 0000000021103631
start animate: MergeTiles(Tile { value: Number(32), position: Position { row: 3, col: 1 } }, Tile { value: Number(32), position: Position { row: 2, col: 1 } }, Position { row: 3, col: 1 }, Number(64))
start animate: SlideTile(Tile { value: Number(2), position: Position { row: 1, col: 1 } }, Position { row: 2, col: 1 })
merging 6 and 1 to 6
start animate: SpawnRandomTile(Tile { value: Number(2), position: Position { row: 1, col: 3 } })
0000000121103631 --L--> 0000100022003631
start animate: SlideTile(Tile { value: Number(2), position: Position { row: 1, col: 3 } }, Position { row: 1, col: 0 })
start animate: MergeTiles(Tile { value: Number(2), position: Position { row: 2, col: 1 } }, Tile { value: Number(2), position: Position { row: 2, col: 2 } }, Position { row: 2, col: 1 }, Number(4))
merging 2 and 0 to 2
start animate: SpawnRandomTile(Tile { value: Number(2), position: Position { row: 1, col: 3 } })
0000100122003631 --L--> 0000200030003631
start animate: MergeTiles(Tile { value: Number(2), position: Position { row: 1, col: 0 } }, Tile { value: Number(2), position: Position { row: 1, col: 3 } }, Position { row: 1, col: 0 }, Number(4))
start animate: MergeTiles(Tile { value: Number(4), position: Position { row: 2, col: 0 } }, Tile { value: Number(4), position: Position { row: 2, col: 1 } }, Position { row: 2, col: 0 }, Number(8))
merging 2 and 0 to 2
merging 3 and 0 to 3
start animate: SpawnRandomTile(Tile { value: Number(4), position: Position { row: 1, col: 2 } })
0000202030003631 --D--> 0000000020204631
start animate: MergeTiles(Tile { value: Number(8), position: Position { row: 3, col: 0 } }, Tile { value: Number(8), position: Position { row: 2, col: 0 } }, Position { row: 3, col: 0 }, Number(16))
start animate: SlideTile(Tile { value: Number(4), position: Position { row: 1, col: 0 } }, Position { row: 2, col: 0 })
start animate: SlideTile(Tile { value: Number(4), position: Position { row: 1, col: 2 } }, Position { row: 2, col: 2 })
merging 4 and 2 to 4
start animate: SpawnRandomTile(Tile { value: Number(2), position: Position { row: 0, col: 1 } })
0100000020204631 --L--> 1000000030004631
start animate: SlideTile(Tile { value: Number(2), position: Position { row: 0, col: 1 } }, Position { row: 0, col: 0 })
start animate: MergeTiles(Tile { value: Number(4), position: Position { row: 2, col: 0 } }, Tile { value: Number(4), position: Position { row: 2, col: 2 } }, Position { row: 2, col: 0 }, Number(8))
merging 3 and 0 to 3
start animate: SpawnRandomTile(Tile { value: Number(2), position: Position { row: 1, col: 2 } })
1000001030004631 --L--> 1000100030004631
start animate: SlideTile(Tile { value: Number(2), position: Position { row: 1, col: 2 } }, Position { row: 1, col: 0 })
start animate: SpawnRandomTile(Tile { value: Number(2), position: Position { row: 0, col: 1 } })
1100100030004631 --L--> 2000100030004631
start animate: MergeTiles(Tile { value: Number(2), position: Position { row: 0, col: 0 } }, Tile { value: Number(2), position: Position { row: 0, col: 1 } }, Position { row: 0, col: 0 }, Number(4))
merging 2 and 0 to 2
start animate: SpawnRandomTile(Tile { value: Number(2), position: Position { row: 0, col: 2 } })
2010100030004631 --D--> 2000100030104631
start animate: SlideTile(Tile { value: Number(2), position: Position { row: 0, col: 2 } }, Position { row: 2, col: 2 })
start animate: SpawnRandomTile(Tile { value: Number(2), position: Position { row: 2, col: 1 } })
2000100031104631 --L--> 2000100032004631
start animate: MergeTiles(Tile { value: Number(2), position: Position { row: 2, col: 1 } }, Tile { value: Number(2), position: Position { row: 2, col: 2 } }, Position { row: 2, col: 1 }, Number(4))
merging 2 and 0 to 2
start animate: SpawnRandomTile(Tile { value: Number(2), position: Position { row: 2, col: 3 } })
2000100032014631 --L--> 2000100032104631
start animate: SlideTile(Tile { value: Number(2), position: Position { row: 2, col: 3 } }, Position { row: 2, col: 2 })
start animate: SpawnRandomTile(Tile { value: Number(2), position: Position { row: 0, col: 3 } })
2001100032104631 --D--> 2000100032104632
start animate: MergeTiles(Tile { value: Number(2), position: Position { row: 3, col: 3 } }, Tile { value: Number(2), position: Position { row: 0, col: 3 } }, Position { row: 3, col: 3 }, Number(4))
merging 2 and 0 to 2
start animate: SpawnRandomTile(Tile { value: Number(2), position: Position { row: 1, col: 2 } })
2000101032104632 --D--> 2000100032204632
start animate: MergeTiles(Tile { value: Number(2), position: Position { row: 2, col: 2 } }, Tile { value: Number(2), position: Position { row: 1, col: 2 } }, Position { row: 2, col: 2 }, Number(4))
merging 2 and 0 to 2
start animate: SpawnRandomTile(Tile { value: Number(2), position: Position { row: 0, col: 1 } })
2100100032204632 --L--> 2100100033004632
start animate: MergeTiles(Tile { value: Number(4), position: Position { row: 2, col: 1 } }, Tile { value: Number(4), position: Position { row: 2, col: 2 } }, Position { row: 2, col: 1 }, Number(8))
merging 3 and 0 to 3
start animate: SpawnRandomTile(Tile { value: Number(2), position: Position { row: 2, col: 2 } })
2100100033104632 --L--> 2100100041004632
start animate: MergeTiles(Tile { value: Number(8), position: Position { row: 2, col: 0 } }, Tile { value: Number(8), position: Position { row: 2, col: 1 } }, Position { row: 2, col: 0 }, Number(16))
start animate: SlideTile(Tile { value: Number(2), position: Position { row: 2, col: 2 } }, Position { row: 2, col: 1 })
merging 4 and 1 to 4
start animate: SpawnRandomTile(Tile { value: Number(2), position: Position { row: 2, col: 3 } })
2100100041014632 --D--> 0000200012015632
start animate: MergeTiles(Tile { value: Number(16), position: Position { row: 3, col: 0 } }, Tile { value: Number(16), position: Position { row: 2, col: 0 } }, Position { row: 3, col: 0 }, Number(32))
start animate: SlideTile(Tile { value: Number(2), position: Position { row: 1, col: 0 } }, Position { row: 2, col: 0 })
start animate: SlideTile(Tile { value: Number(4), position: Position { row: 0, col: 0 } }, Position { row: 1, col: 0 })
start animate: MergeTiles(Tile { value: Number(2), position: Position { row: 2, col: 1 } }, Tile { value: Number(2), position: Position { row: 0, col: 1 } }, Position { row: 2, col: 1 }, Number(4))
thread 'Compute Task Pool (3)' panicked at src/main.rs:425:59:
called `Option::unwrap()` on a `None` value
note: run with `RUST_BACKTRACE=1` environment variable to display a backtrace
Encountered a panic in system `animated_2048::start_animate`!
Encountered a panic in system `bevy_app::main_schedule::Main::run_main`!
thread 'main' panicked at /Users/isaiasbartelborth/.cargo/registry/src/index.crates.io-6f17d22bba15001f/winit-0.29.15/src/platform_impl/macos/app_state.rs:387:33:
called `Result::unwrap()` on an `Err` value: PoisonError { .. }

 *  The terminal process "/bin/zsh '-l', '-c', 'cargo run'" terminated with exit code: 101. 
 *  Terminal will be reused by tasks, press any key to close it. 
