 } }, Position { row: 2, col: 0 }, Number(8))
start animate: SlideTile(Tile { value: Number(8), position: Position { row: 0, col: 1 } }, Position { row: 3, col: 1 })
start animate: SlideTile(Tile { value: Number(2), position: Position { row: 2, col: 3 } }, Position { row: 3, col: 3 })
merging 3 and 0 to 3
start animate: SpawnRandomTile(Tile { value: Number(4), position: Position { row: 1, col: 3 } })
0000000230001301 --R--> 0000000200030131
start animate: SlideTile(Tile { value: Number(8), position: Position { row: 2, col: 0 } }, Position { row: 2, col: 3 })
start animate: SlideTile(Tile { value: Number(8), position: Position { row: 3, col: 1 } }, Position { row: 3, col: 2 })
start animate: SlideTile(Tile { value: Number(2), position: Position { row: 3, col: 0 } }, Position { row: 3, col: 1 })
thread 'Compute Task Pool (0)' panicked at src/main.rs:406:62:
called `Option::unwrap()` on a `None` value
note: run with `RUST_BACKTRACE=1` environment variable to display a backtrace
Encountered a panic in system `animated_2048::start_animate`!
Encountered a panic in system `bevy_app::main_schedule::Main::run_main`!
thread 'main' panicked at /Users/isaiasbartelborth/.cargo/registry/src/index.crates.io-6f17d22bba15001f/winit-0.29.15/src/platform_impl/macos/app_state.rs:387:33:
called `Result::unwrap()` on an `Err` value: PoisonError { .. }

 *  The terminal process "/bin/zsh '-l', '-c', 'cargo run'" terminated with exit code: 101. 
 *  Terminal will be reused by tasks, press any key to close it. 

 *  Executing task: cargo run 

    Finished `dev` profile [unoptimized + debuginfo] target(s) in 0.36s
     Running `target/debug/animated_2048`
2024-07-13T18:07:09.383779Z  INFO bevy_render::renderer: AdapterInfo { name: "AMD Radeon Pro 5500M", vendor: 0, device: 0, device_type: DiscreteGpu, driver: "", driver_info: "", backend: Metal }
2024-07-13T18:07:10.264031Z  INFO bevy_winit::system: Creating new window "App" (0v1)
2024-07-13T18:07:10.313958Z  INFO bevy_diagnostic::system_information_diagnostics_plugin::internal: SystemInfo { os: "MacOS 14.4.1 ", kernel: "23.4.0", cpu: "Intel(R) Core(TM) i9-9880H CPU @ 2.30GHz", core_count: "8", memory: "64.0 GiB" }
now rendering board...
1110000000000000 --L--> 2100000000000000
start animate: MergeTiles(Tile { value: Number(2), position: Position { row: 0, col: 0 } }, Tile { value: Number(2), position: Position { row: 0, col: 1 } }, Position { row: 0, col: 0 }, Number(4))
start animate: SlideTile(Tile { value: Number(2), position: Position { row: 0, col: 2 } }, Position { row: 0, col: 1 })
merging 2 and 1 to 2
start animate: SpawnRandomTile(Tile { value: Number(2), position: Position { row: 3, col: 1 } })
2100000000000100 --U--> 2200000000000000
start animate: MergeTiles(Tile { value: Number(2), position: Position { row: 0, col: 1 } }, Tile { value: Number(2), position: Position { row: 3, col: 1 } }, Position { row: 0, col: 1 }, Number(4))
merging 2 and 0 to 2
start animate: SpawnRandomTile(Tile { value: Number(2), position: Position { row: 1, col: 1 } })
2200010000000000 --R--> 0003000100000000
start animate: MergeTiles(Tile { value: Number(4), position: Position { row: 0, col: 1 } }, Tile { value: Number(4), position: Position { row: 0, col: 0 } }, Position { row: 0, col: 3 }, Number(8))
start animate: SlideTile(Tile { value: Number(2), position: Position { row: 1, col: 1 } }, Position { row: 1, col: 3 })
merging 0 and 0 to 3
start animate: SpawnRandomTile(Tile { value: Number(2), position: Position { row: 1, col: 0 } })
0003100100000000 --R--> 0003000200000000
start animate: MergeTiles(Tile { value: Number(2), position: Position { row: 1, col: 3 } }, Tile { value: Number(2), position: Position { row: 1, col: 0 } }, Position { row: 1, col: 3 }, Number(4))
merging 2 and 0 to 2
start animate: SpawnRandomTile(Tile { value: Number(2), position: Position { row: 0, col: 0 } })
1003000200000000 --R--> 0013000200000000
start animate: SlideTile(Tile { value: Number(2), position: Position { row: 0, col: 0 } }, Position { row: 0, col: 2 })
start animate: SpawnRandomTile(Tile { value: Number(2), position: Position { row: 1, col: 2 } })
0013001200000000 --U--> 0023000200000000
start animate: MergeTiles(Tile { value: Number(2), position: Position { row: 0, col: 2 } }, Tile { value: Number(2), position: Position { row: 1, col: 2 } }, Position { row: 0, col: 2 }, Number(4))
merging 2 and 0 to 2
start animate: SpawnRandomTile(Tile { value: Number(2), position: Position { row: 2, col: 3 } })
0023000200010000 --L--> 2300200010000000
start animate: SlideTile(Tile { value: Number(4), position: Position { row: 0, col: 2 } }, Position { row: 0, col: 0 })
start animate: SlideTile(Tile { value: Number(8), position: Position { row: 0, col: 3 } }, Position { row: 0, col: 1 })
start animate: SlideTile(Tile { value: Number(4), position: Position { row: 1, col: 3 } }, Position { row: 1, col: 0 })
start animate: SlideTile(Tile { value: Number(2), position: Position { row: 2, col: 3 } }, Position { row: 2, col: 0 })
start animate: SpawnRandomTile(Tile { value: Number(2), position: Position { row: 2, col: 3 } })
2300200010010000 --D--> 0000000030001301
start animate: SlideTile(Tile { value: Number(2), position: Position { row: 2, col: 0 } }, Position { row: 3, col: 0 })
start animate: SlideTile(Tile { value: Number(4), position: Position { row: 1, col: 0 } }, Position { row: 2, col: 0 })
start animate: MergeTiles(Tile { value: Number(4), position: Position { row: 2, col: 0 } }, Tile { value: Number(4), position: Position { row: 0, col: 0 } }, Position { row: 2, col: 0 }, Number(8))
start animate: SlideTile(Tile { value: Number(8), position: Position { row: 0, col: 1 } }, Position { row: 3, col: 1 })
start animate: SlideTile(Tile { value: Number(2), position: Position { row: 2, col: 3 } }, Position { row: 3, col: 3 })
merging 3 and 0 to 3
start animate: SpawnRandomTile(Tile { value: Number(4), position: Position { row: 1, col: 3 } })
2024-07-13T18:07:36.799127Z  INFO bevy_window::system: No windows are open, exiting
2024-07-13T18:07:36.800661Z  INFO bevy_winit::system: Closing window 0v1
 *  Terminal will be reused by tasks, press any key to close it. 

 *  Executing task: cargo run 

    Finished `dev` profile [unoptimized + debuginfo] target(s) in 0.37s
     Running `target/debug/animated_2048`
2024-07-13T18:07:41.762142Z  INFO bevy_render::renderer: AdapterInfo { name: "AMD Radeon Pro 5500M", vendor: 0, device: 0, device_type: DiscreteGpu, driver: "", driver_info: "", backend: Metal }
2024-07-13T18:07:42.588172Z  INFO bevy_winit::system: Creating new window "App" (0v1)
2024-07-13T18:07:42.634080Z  INFO bevy_diagnostic::system_information_diagnostics_plugin::internal: SystemInfo { os: "MacOS 14.4.1 ", kernel: "23.4.0", cpu: "Intel(R) Core(TM) i9-9880H CPU @ 2.30GHz", core_count: "8", memory: "64.0 GiB" }
now rendering board...
1110000000000000 --L--> 2100000000000000
start animate: MergeTiles(Tile { value: Number(2), position: Position { row: 0, col: 0 } }, Tile { value: Number(2), position: Position { row: 0, col: 1 } }, Position { row: 0, col: 0 }, Number(4))
start animate: SlideTile(Tile { value: Number(2), position: Position { row: 0, col: 2 } }, Position { row: 0, col: 1 })
merging 2 and 1 to 2
start animate: SpawnRandomTile(Tile { value: Number(2), position: Position { row: 3, col: 1 } })
2100000000000100 --U--> 2200000000000000
start animate: MergeTiles(Tile { value: Number(2), position: Position { row: 0, col: 1 } }, Tile { value: Number(2), position: Position { row: 3, col: 1 } }, Position { row: 0, col: 1 }, Number(4))
merging 2 and 0 to 2
start animate: SpawnRandomTile(Tile { value: Number(2), position: Position { row: 1, col: 1 } })
2200010000000000 --R--> 0003000100000000
start animate: MergeTiles(Tile { value: Number(4), position: Position { row: 0, col: 1 } }, Tile { value: Number(4), position: Position { row: 0, col: 0 } }, Position { row: 0, col: 3 }, Number(8))
start animate: SlideTile(Tile { value: Number(2), position: Position { row: 1, col: 1 } }, Position { row: 1, col: 3 })
merging 0 and 0 to 3
start animate: SpawnRandomTile(Tile { value: Number(2), position: Position { row: 1, col: 0 } })
0003100100000000 --R--> 0003000200000000
start animate: MergeTiles(Tile { value: Number(2), position: Position { row: 1, col: 3 } }, Tile { value: Number(2), position: Position { row: 1, col: 0 } }, Position { row: 1, col: 3 }, Number(4))
merging 2 and 0 to 2
start animate: SpawnRandomTile(Tile { value: Number(2), position: Position { row: 0, col: 0 } })
1003000200000000 --R--> 0013000200000000
start animate: SlideTile(Tile { value: Number(2), position: Position { row: 0, col: 0 } }, Position { row: 0, col: 2 })
start animate: SpawnRandomTile(Tile { value: Number(2), position: Position { row: 1, col: 2 } })
0013001200000000 --U--> 0023000200000000
start animate: MergeTiles(Tile { value: Number(2), position: Position { row: 0, col: 2 } }, Tile { value: Number(2), position: Position { row: 1, col: 2 } }, Position { row: 0, col: 2 }, Number(4))
merging 2 and 0 to 2
start animate: SpawnRandomTile(Tile { value: Number(2), position: Position { row: 2, col: 3 } })
0023000200010000 --L--> 2300200010000000
start animate: SlideTile(Tile { value: Number(4), position: Position { row: 0, col: 2 } }, Position { row: 0, col: 0 })
start animate: SlideTile(Tile { value: Number(8), position: Position { row: 0, col: 3 } }, Position { row: 0, col: 1 })
start animate: SlideTile(Tile { value: Number(4), position: Position { row: 1, col: 3 } }, Position { row: 1, col: 0 })
start animate: SlideTile(Tile { value: Number(2), position: Position { row: 2, col: 3 } }, Position { row: 2, col: 0 })
start animate: SpawnRandomTile(Tile { value: Number(2), position: Position { row: 2, col: 3 } })
2300200010010000 --D--> 0000000030001301
start animate: SlideTile(Tile { value: Number(2), position: Position { row: 2, col: 0 } }, Position { row: 3, col: 0 })
start animate: SlideTile(Tile { value: Number(4), position: Position { row: 1, col: 0 } }, Position { row: 2, col: 0 })
start animate: MergeTiles(Tile { value: Number(4), position: Position { row: 2, col: 0 } }, Tile { value: Number(4), position: Position { row: 0, col: 0 } }, Position { row: 2, col: 0 }, Number(8))
start animate: SlideTile(Tile { value: Number(8), position: Position { row: 0, col: 1 } }, Position { row: 3, col: 1 })
start animate: SlideTile(Tile { value: Number(2), position: Position { row: 2, col: 3 } }, Position { row: 3, col: 3 })
merging 3 and 0 to 3
start animate: SpawnRandomTile(Tile { value: Number(4), position: Position { row: 1, col: 3 } })
2024-07-13T18:09:59.470007Z  INFO bevy_window::system: No windows are open, exiting
2024-07-13T18:09:59.471533Z  INFO bevy_winit::system: Closing window 0v1
 *  Terminal will be reused by tasks, press any key to close it. 

 *  Executing task: cargo run 

   Compiling animated_2048 v0.1.0 (/Users/isaiasbartelborth/Projects/isaias/rust/animated_2048)
    Finished `dev` profile [unoptimized + debuginfo] target(s) in 2.96s
     Running `target/debug/animated_2048`
2024-07-13T18:10:51.509154Z  INFO bevy_render::renderer: AdapterInfo { name: "AMD Radeon Pro 5500M", vendor: 0, device: 0, device_type: DiscreteGpu, driver: "", driver_info: "", backend: Metal }
2024-07-13T18:10:52.338448Z  INFO bevy_winit::system: Creating new window "App" (0v1)
2024-07-13T18:10:52.381689Z  INFO bevy_diagnostic::system_information_diagnostics_plugin::internal: SystemInfo { os: "MacOS 14.4.1 ", kernel: "23.4.0", cpu: "Intel(R) Core(TM) i9-9880H CPU @ 2.30GHz", core_count: "8", memory: "64.0 GiB" }
now rendering board...
2300200010010000 --D--> 0000000030001301
start animate: SlideTile(Tile { value: Number(2), position: Position { row: 2, col: 0 } }, Position { row: 3, col: 0 })
start animate: SlideTile(Tile { value: Number(4), position: Position { row: 1, col: 0 } }, Position { row: 2, col: 0 })
start animate: MergeTiles(Tile { value: Number(4), position: Position { row: 2, col: 0 } }, Tile { value: Number(4), position: Position { row: 0, col: 0 } }, Position { row: 2, col: 0 }, Number(8))
start animate: SlideTile(Tile { value: Number(8), position: Position { row: 0, col: 1 } }, Position { row: 3, col: 1 })
start animate: SlideTile(Tile { value: Number(2), position: Position { row: 2, col: 3 } }, Position { row: 3, col: 3 })
merging 3 and 0 to 3
start animate: SpawnRandomTile(Tile { value: Number(2), position: Position { row: 2, col: 3 } })
2024-07-13T18:10:57.205473Z  INFO bevy_window::system: No windows are open, exiting
2024-07-13T18:10:57.206978Z  INFO bevy_winit::system: Closing window 0v1
 *  Terminal will be reused by tasks, press any key to close it. 

 *  Executing task: cargo run 

    Finished `dev` profile [unoptimized + debuginfo] target(s) in 0.34s
     Running `target/debug/animated_2048`
2024-07-13T18:11:40.196144Z  INFO bevy_render::renderer: AdapterInfo { name: "AMD Radeon Pro 5500M", vendor: 0, device: 0, device_type: DiscreteGpu, driver: "", driver_info: "", backend: Metal }
2024-07-13T18:11:41.032776Z  INFO bevy_winit::system: Creating new window "App" (0v1)
2024-07-13T18:11:41.081106Z  INFO bevy_diagnostic::system_information_diagnostics_plugin::internal: SystemInfo { os: "MacOS 14.4.1 ", kernel: "23.4.0", cpu: "Intel(R) Core(TM) i9-9880H CPU @ 2.30GHz", core_count: "8", memory: "64.0 GiB" }
now rendering board...
2300200010010000 --D--> 0000000030001301
start animate: SlideTile(Tile { value: Number(2), position: Position { row: 2, col: 0 } }, Position { row: 3, col: 0 })
start animate: SlideTile(Tile { value: Number(4), position: Position { row: 1, col: 0 } }, Position { row: 2, col: 0 })
start animate: MergeTiles(Tile { value: Number(4), position: Position { row: 2, col: 0 } }, Tile { value: Number(4), position: Position { row: 0, col: 0 } }, Position { row: 2, col: 0 }, Number(8))
start animate: SlideTile(Tile { value: Number(8), position: Position { row: 0, col: 1 } }, Position { row: 3, col: 1 })
start animate: SlideTile(Tile { value: Number(2), position: Position { row: 2, col: 3 } }, Position { row: 3, col: 3 })
merging 3 and 0 to 3
start animate: SpawnRandomTile(Tile { value: Number(2), position: Position { row: 2, col: 3 } })
0000000030011301 --U--> 3302100000000000
start animate: SlideTile(Tile { value: Number(8), position: Position { row: 2, col: 0 } }, Position { row: 0, col: 0 })
start animate: SlideTile(Tile { value: Number(2), position: Position { row: 3, col: 0 } }, Position { row: 1, col: 0 })
thread 'Compute Task Pool (3)' panicked at src/main.rs:408:62:
called `Option::unwrap()` on a `None` value
note: run with `RUST_BACKTRACE=1` environment variable to display a backtrace
Encountered a panic in system `animated_2048::start_animate`!
Encountered a panic in system `bevy_app::main_schedule::Main::run_main`!
thread 'main' panicked at /Users/isaiasbartelborth/.cargo/registry/src/index.crates.io-6f17d22bba15001f/winit-0.29.15/src/platform_impl/macos/app_state.rs:387:33:
called `Result::unwrap()` on an `Err` value: PoisonError { .. }

 *  The terminal process "/bin/zsh '-l', '-c', 'cargo run'" terminated with exit code: 101. 
 *  Terminal will be reused by tasks, press any key to close it. 

 *  Executing task: cargo run 

    Finished `dev` profile [unoptimized + debuginfo] target(s) in 0.37s
     Running `target/debug/animated_2048`
2024-07-13T18:13:09.090295Z  INFO bevy_render::renderer: AdapterInfo { name: "AMD Radeon Pro 5500M", vendor: 0, device: 0, device_type: DiscreteGpu, driver: "", driver_info: "", backend: Metal }
2024-07-13T18:13:09.938559Z  INFO bevy_winit::system: Creating new window "App" (0v1)
2024-07-13T18:13:09.984505Z  INFO bevy_diagnostic::system_information_diagnostics_plugin::internal: SystemInfo { os: "MacOS 14.4.1 ", kernel: "23.4.0", cpu: "Intel(R) Core(TM) i9-9880H CPU @ 2.30GHz", core_count: "8", memory: "64.0 GiB" }
now rendering board...
2300200010010000 --D--> 0000000030001301
start animate: SlideTile(Tile { value: Number(2), position: Position { row: 2, col: 0 } }, Position { row: 3, col: 0 })
start animate: SlideTile(Tile { value: Number(4), position: Position { row: 1, col: 0 } }, Position { row: 2, col: 0 })
start animate: MergeTiles(Tile { value: Number(4), position: Position { row: 2, col: 0 } }, Tile { value: Number(4), position: Position { row: 0, col: 0 } }, Position { row: 2, col: 0 }, Number(8))
start animate: SlideTile(Tile { value: Number(8), position: Position { row: 0, col: 1 } }, Position { row: 3, col: 1 })
start animate: SlideTile(Tile { value: Number(2), position: Position { row: 2, col: 3 } }, Position { row: 3, col: 3 })
merging 3 and 0 to 3
start animate: Spaw                                                        nRandomTile(Tile {                                                                                                                 on: Position { row:                                                 2, col: 0 } }, Til                                                                                                        e { value: Number(4                                        ), position: Positi                                                                                                ^[2024-07-13T18:17:56.848353Z  INFO bevy_window::system: No windows are open, exiting
2024-07-13T18:17:56.849927Z  INFO bevy_winit::system: Closing window 0v1
 *  Terminal will be reused by tasks, press any key to close it. 

 *  Executing task: cargo run 

    Finished `dev` profile [unoptimized + debuginfo] target(s) in 0.38s
     Running `target/debug/animated_2048`
2024-07-13T18:18:03.537791Z  INFO bevy_render::renderer: AdapterInfo { name: "AMD Radeon Pro 5500M", vendor: 0, device: 0, device_type: DiscreteGpu, driver: "", driver_info: "", backend: Metal }
2024-07-13T18:18:04.436949Z  INFO bevy_winit::system: Creating new window "App" (0v1)
2024-07-13T18:18:04.490553Z  INFO bevy_diagnostic::system_information_diagnostics_plugin::internal: SystemInfo { os: "MacOS 14.4.1 ", kernel: "23.4.0", cpu: "Intel(R) Core(TM) i9-9880H CPU @ 2.30GHz", core_count: "8", memory: "64.0 GiB" }
now rendering board...
2300200010010000 --D--> 0000000030001301
start animate: SlideTile(Tile { value: Number(2), position: Position { row: 2, col: 0 } }, Position { row: 3, col: 0 })
start animate: SlideTile(Tile { value: Number(4), position: Position { row: 1, col: 0 } }, Position { row: 2, col: 0 })
start animate: MergeTiles(Tile { value: Number(4), position: Position { row: 2, col: 0 } }, Tile { value: Number(4), position: Position { row: 0, col: 0 } }, Position { row: 2, col: 0 }, Number(8))
start animate: SlideTile(Tile { value: Number(8), position: Position { row: 0, col: 1 } }, Position { row: 3, col: 1 })
start animate: SlideTile(Tile { value: Number(2), position: Position { row: 2, col: 3 } }, Position { row: 3, col: 3 })
merging 3 and 0 to 3
start animate: SpawnRandomTile(Tile { value: Number(2), position: Position { row: 2, col: 3 } })
2024-07-13T18:21:25.819286Z  INFO bevy_window::system: No windows are open, exiting
2024-07-13T18:21:25.820785Z  INFO bevy_winit::system: Closing window 0v1
 *  Terminal will be reused by tasks, press any key to close it. 

 *  Executing task: cargo run 

   Compiling animated_2048 v0.1.0 (/Users/isaiasbartelborth/Projects/isaias/rust/animated_2048)
    Finished `dev` profile [unoptimized + debuginfo] target(s) in 2.86s
     Running `target/debug/animated_2048`
2024-07-13T18:31:07.939312Z  INFO bevy_render::renderer: AdapterInfo { name: "AMD Radeon Pro 5500M", vendor: 0, device: 0, device_type: DiscreteGpu, driver: "", driver_info: "", backend: Metal }
2024-07-13T18:31:08.803968Z  INFO bevy_winit::system: Creating new window "App" (0v1)
2024-07-13T18:31:08.862226Z  INFO bevy_diagnostic::system_information_diagnostics_plugin::internal: SystemInfo { os: "MacOS 14.4.1 ", kernel: "23.4.0", cpu: "Intel(R) Core(TM) i9-9880H CPU @ 2.30GHz", core_count: "8", memory: "64.0 GiB" }
now rendering board...
2300200010010000 --U--> 3301100000000000
start animate: MergeTiles(Tile { value: Number(4), position: Position { row: 0, col: 0 } }, Tile { value: Number(4), position: Position { row: 1, col: 0 } }, Position { row: 0, col: 0 }, Number(8))
start animate: SlideTile(Tile { value: Number(2), position: Position { row: 2, col: 0 } }, Position { row: 1, col: 0 })
start animate: SlideTile(Tile { value: Number(2), position: Position { row: 2, col: 3 } }, Position { row: 0, col: 3 })
merging 3 and 1 to 3
start animate: SpawnRandomTile(Tile { value: Number(2), position: Position { row: 3, col: 2 } })
3301100000000010 --R--> 0041000100000001
start animate: SlideTile(Tile { value: Number(8), position: Position { row: 0, col: 1 } }, Position { row: 0, col: 2 })
start animate: MergeTiles(Tile { value: Number(8), position: Position { row: 0, col: 2 } }, Tile { value: Number(8), position: Position { row: 0, col: 0 } }, Position { row: 0, col: 2 }, Number(16))
thread 'Compute Task Pool (2)' panicked at src/main.rs:423:59:
called `Option::unwrap()` on a `None` value
note: run with `RUST_BACKTRACE=1` environment variable to display a backtrace
Encountered a panic in system `animated_2048::start_animate`!
Encountered a panic in system `bevy_app::main_schedule::Main::run_main`!
thread 'main' panicked at /Users/isaiasbartelborth/.cargo/registry/src/index.crates.io-6f17d22bba15001f/winit-0.29.15/src/platform_impl/macos/app_state.rs:387:33:
called `Result::unwrap()` on an `Err` value: PoisonError { .. }

 *  The terminal process "/bin/zsh '-l', '-c', 'cargo run'" terminated with exit code: 101. 
 *  Terminal will be reused by tasks, press any key to close it. 

 *  Executing task: cargo run 

    Finished `dev` profile [unoptimized + debuginfo] target(s) in 0.38s
     Running `target/debug/animated_2048`
2024-07-13T18:31:28.696705Z  INFO bevy_render::renderer: AdapterInfo { name: "AMD Radeon Pro 5500M", vendor: 0, device: 0, device_type: DiscreteGpu, driver: "", driver_info: "", backend: Metal }
2024-07-13T18:31:29.595262Z  INFO bevy_winit::system: Creating new window "App" (0v1)
2024-07-13T18:31:29.645251Z  INFO bevy_diagnostic::system_information_diagnostics_plugin::internal: SystemInfo { os: "MacOS 14.4.1 ", kernel: "23.4.0", cpu: "Intel(R) Core(TM) i9-9880H CPU @ 2.30GHz", core_count: "8", memory: "64.0 GiB" }
now rendering board...
2300200010010000 --U--> 3301100000000000
start animate: MergeTiles(Tile { value: Number(4), position: Position { row: 0, col: 0 } }, Tile { value: Number(4), position: Position { row: 1, col: 0 } }, Position { row: 0, col: 0 }, Number(8))
start animate: SlideTile(Tile { value: Number(2), position: Position { row: 2, col: 0 } }, Position { row: 1, col: 0 })
start animate: SlideTile(Tile { value: Number(2), position: Position { row: 2, col: 3 } }, Position { row: 0, col: 3 })
merging 3 and 1 to 3
start animate: SpawnRandomTile(Tile { value: Number(2), position: Position { row: 3, col: 2 } })
3301100000000010 --L--> 4100100000001000
start animate: MergeTiles(Tile { value: Number(8), position: Position { row: 0, col: 0 } }, Tile { value: Number(8), position: Position { row: 0, col: 1 } }, Position { row: 0, col: 0 }, Number(16))
start animate: SlideTile(Tile { value: Number(2), position: Position { row: 0, col: 3 } }, Position { row: 0, col: 1 })
start animate: SlideTile(Tile { value: Number(2), position: Position { row: 3, col: 2 } }, Position { row: 3, col: 0 })
merging 4 and 1 to 4
start animate: SpawnRandomTile(Tile { value: Number(2), position: Position { row: 0, col: 3 } })
4101100000001000 --R--> 0042000100000001
start animate: MergeTiles(Tile { value: Number(2), position: Position { row: 0, col: 3 } }, Tile { value: Number(2), position: Position { row: 0, col: 1 } }, Position { row: 0, col: 3 }, Number(4))
start animate: SlideTile(Tile { value: Number(16), position: Position { row: 0, col: 0 } }, Position { row: 0, col: 2 })
start animate: SlideTile(Tile { value: Number(2), position: Position { row: 1, col: 0 } }, Position { row: 1, col: 3 })
start animate: SlideTile(Tile { value: Number(2), position: Position { row: 3, col: 0 } }, Position { row: 3, col: 3 })
merging 2 and 0 to 2
start animate: SpawnRandomTile(Tile { value: Number(2), position: Position { row: 0, col: 1 } })
2024-07-13T18:31:38.799612Z  INFO bevy_window::system: No windows are open, exiting
2024-07-13T18:31:38.801078Z  INFO bevy_winit::system: Closing window 0v1
 *  Terminal will be reused by tasks, press any key to close it. 

 *  Executing task: cargo run 

    Finished `dev` profile [unoptimized + debuginfo] target(s) in 0.35s
     Running `target/debug/animated_2048`
2024-07-13T18:31:44.820630Z  INFO bevy_render::renderer: AdapterInfo { name: "AMD Radeon Pro 5500M", vendor: 0, device: 0, device_type: DiscreteGpu, driver: "", driver_info: "", backend: Metal }
2024-07-13T18:31:45.670827Z  INFO bevy_winit::system: Creating new window "App" (0v1)
2024-07-13T18:31:45.718685Z  INFO bevy_diagnostic::system_information_diagnostics_plugin::internal: SystemInfo { os: "MacOS 14.4.1 ", kernel: "23.4.0", cpu: "Intel(R) Core(TM) i9-9880H CPU @ 2.30GHz", core_count: "8", memory: "64.0 GiB" }
now rendering board...
2300200010010000 --U--> 3301100000000000
start animate: MergeTiles(Tile { value: Number(4), position: Position { row: 0, col: 0 } }, Tile { value: Number(4), position: Position { row: 1, col: 0 } }, Position { row: 0, col: 0 }, Number(8))
start animate: SlideTile(Tile { value: Number(2), position: Position { row: 2, col: 0 } }, Position { row: 1, col: 0 })
start animate: SlideTile(Tile { value: Number(2), position: Position { row: 2, col: 3 } }, Position { row: 0, col: 3 })
merging 3 and 1 to 3
start animate: SpawnRandomTile(Tile { value: Number(2), position: Position { row: 3, col: 2 } })
3301100000000010 --R--> 0041000100000001
start animate: SlideTile(Tile { value: Number(8), position: Position { row: 0, col: 1 } }, Position { row: 0, col: 2 })
start animate: MergeTiles(Tile { value: Number(8), position: Position { row: 0, col: 2 } }, Tile { value: Number(8), position: Position { row: 0, col: 0 } }, Position { row: 0, col: 2 }, Number(16))
thread 'Compute Task Pool (6)' panicked at src/main.rs:423:59:
called `Option::unwrap()` on a `None` value
note: run with `RUST_BACKTRACE=1` environment variable to display a backtrace
Encountered a panic in system `animated_2048::start_animate`!
Encountered a panic in system `bevy_app::main_schedule::Main::run_main`!
thread 'main' panicked at /Users/isaiasbartelborth/.cargo/registry/src/index.crates.io-6f17d22bba15001f/winit-0.29.15/src/platform_impl/macos/app_state.rs:387:33:
called `Result::unwrap()` on an `Err` value: PoisonError { .. }

 *  The terminal process "/bin/zsh '-l', '-c', 'cargo run'" terminated with exit code: 101. 
 *  Terminal will be reused by tasks, press any key to close it. 

 *  Executing task: cargo run 

    Finished `dev` profile [unoptimized + debuginfo] target(s) in 0.41s
     Running `target/debug/animated_2048`
2024-07-13T18:32:29.574099Z  INFO bevy_render::renderer: AdapterInfo { name: "AMD Radeon Pro 5500M", vendor: 0, device: 0, device_type: DiscreteGpu, driver: "", driver_info: "", backend: Metal }
2024-07-13T18:32:30.427487Z  INFO bevy_winit::system: Creating new window "App" (0v1)
2024-07-13T18:32:30.495161Z  INFO bevy_diagnostic::system_information_diagnostics_plugin::internal: SystemInfo { os: "MacOS 14.4.1 ", kernel: "23.4.0", cpu: "Intel(R) Core(TM) i9-9880H CPU @ 2.30GHz", core_count: "8", memory: "64.0 GiB" }
now rendering board...
2300200010010000 --U--> 3301100000000000
start animate: MergeTiles(Tile { value: Number(4), position: Position { row: 0, col: 0 } }, Tile { value: Number(4), position: Position { row: 1, col: 0 } }, Position { row: 0, col: 0 }, Number(8))
start animate: SlideTile(Tile { value: Number(2), position: Position { row: 2, col: 0 } }, Position { row: 1, col: 0 })
start animate: SlideTile(Tile { value: Number(2), position: Position { row: 2, col: 3 } }, Position { row: 0, col: 3 })
merging 3 and 1 to 3
start animate: SpawnRandomTile(Tile { value: Number(2), position: Position { row: 3, col: 2 } })
3301100000000010 --R--> 0041000100000001
start animate: SlideTile(Tile { value: Number(8), position: Position { row: 0, col: 1 } }, Position { row: 0, col: 2 })
start animate: MergeTiles(Tile { value: Number(8), position: Position { row: 0, col: 2 } }, Tile { value: Number(8), position: Position { row: 0, col: 0 } }, Position { row: 0, col: 2 }, Number(16))
thread 'Compute Task Pool (6)' panicked at src/main.rs:423:59:
called `Option::unwrap()` on a `None` value
note: run with `RUST_BACKTRACE=1` environment variable to display a backtrace
Encountered a panic in system `animated_2048::start_animate`!
Encountered a panic in system `bevy_app::main_schedule::Main::run_main`!
thread 'main' panicked at /Users/isaiasbartelborth/.cargo/registry/src/index.crates.io-6f17d22bba15001f/winit-0.29.15/src/platform_impl/macos/app_state.rs:387:33:
called `Result::unwrap()` on an `Err` value: PoisonError { .. }

 *  The terminal process "/bin/zsh '-l', '-c', 'cargo run'" terminated with exit code: 101. 
 *  Terminal will be reused by tasks, press any key to close it. 

 *  Executing task: cargo run 

    Blocking waiting for file lock on package cache
    Blocking waiting for file lock on package cache
   Compiling animated_2048 v0.1.0 (/Users/isaiasbartelborth/Projects/isaias/rust/animated_2048)
    Finished `dev` profile [unoptimized + debuginfo] target(s) in 3.20s
     Running `target/debug/animated_2048`
2024-07-13T18:33:29.400033Z  INFO bevy_render::renderer: AdapterInfo { name: "AMD Radeon Pro 5500M", vendor: 0, device: 0, device_type: DiscreteGpu, driver: "", driver_info: "", backend: Metal }
2024-07-13T18:33:30.318721Z  INFO bevy_winit::system: Creating new window "App" (0v1)
2024-07-13T18:33:30.371598Z  INFO bevy_diagnostic::system_information_diagnostics_plugin::internal: SystemInfo { os: "MacOS 14.4.1 ", kernel: "23.4.0", cpu: "Intel(R) Core(TM) i9-9880H CPU @ 2.30GHz", core_count: "8", memory: "64.0 GiB" }
now rendering board...
3301100000000010 --R--> 0041000100000001
start animate: SlideTile(Tile { value: Number(8), position: Position { row: 0, col: 1 } }, Position { row: 0, col: 2 })
start animate: MergeTiles(Tile { value: Number(8), position: Position { row: 0, col: 2 } }, Tile { value: Number(8), position: Position { row: 0, col: 0 } }, Position { row: 0, col: 2 }, Number(16))
thread 'Compute Task Pool (7)' panicked at src/main.rs:425:59:
called `Option::unwrap()` on a `None` value
note: run with `RUST_BACKTRACE=1` environment variable to display a backtrace
Encountered a panic in system `animated_2048::start_animate`!
Encountered a panic in system `bevy_app::main_schedule::Main::run_main`!
thread 'main' panicked at /Users/isaiasbartelborth/.cargo/registry/src/index.crates.io-6f17d22bba15001f/winit-0.29.15/src/platform_impl/macos/app_state.rs:387:33:
called `Result::unwrap()` on an `Err` value: PoisonError { .. }

 *  The terminal process "/bin/zsh '-l', '-c', 'cargo run'" terminated with exit code: 101. 
 *  Terminal will be reused by tasks, press any key to close it. 

 *  Executing task: cargo run 

    Blocking waiting for file lock on package cache
    Blocking waiting for file lock on package cache
    Blocking waiting for file lock on package cache
    Blocking waiting for file lock on build directory
   Compiling animated_2048 v0.1.0 (/Users/isaiasbartelborth/Projects/isaias/rust/animated_2048)
    Finished `dev` profile [unoptimized + debuginfo] target(s) in 3.54s
     Running `target/debug/animated_2048`
2024-07-13T18:34:29.673652Z  INFO bevy_render::renderer: AdapterInfo { name: "AMD Radeon Pro 5500M", vendor: 0, device: 0, device_type: DiscreteGpu, driver: "", driver_info: "", backend: Metal }
2024-07-13T18:34:30.624664Z  INFO bevy_winit::system: Creating new window "App" (0v1)
2024-07-13T18:34:30.683432Z  INFO bevy_diagnostic::system_information_diagnostics_plugin::internal: SystemInfo { os: "MacOS 14.4.1 ", kernel: "23.4.0", cpu: "Intel(R) Core(TM) i9-9880H CPU @ 2.30GHz", core_count: "8", memory: "64.0 GiB" }
now rendering board...
2024-07-13T18:34:48.096350Z  INFO bevy_window::system: No windows are open, exiting
2024-07-13T18:34:48.097916Z  INFO bevy_winit::system: Closing window 0v1
 *  Terminal will be reused by tasks, press any key to close it. 

 *  Executing task: cargo run 

   Compiling animated_2048 v0.1.0 (/Users/isaiasbartelborth/Projects/isaias/rust/animated_2048)
    Finished `dev` profile [unoptimized + debuginfo] target(s) in 2.71s
     Running `target/debug/animated_2048`
2024-07-13T19:19:47.572965Z  INFO bevy_render::renderer: AdapterInfo { name: "AMD Radeon Pro 5500M", vendor: 0, device: 0, device_type: DiscreteGpu, driver: "", driver_info: "", backend: Metal }
2024-07-13T19:19:48.442213Z  INFO bevy_winit::system: Creating new window "App" (0v1)
2024-07-13T19:19:48.501895Z  INFO bevy_diagnostic::system_information_diagnostics_plugin::internal: SystemInfo { os: "MacOS 14.4.1 ", kernel: "23.4.0", cpu: "Intel(R) Core(TM) i9-9880H CPU @ 2.30GHz", core_count: "8", memory: "64.0 GiB" }
now rendering board...
2024-07-13T19:19:58.601815Z  INFO bevy_window::system: No windows are open, exiting
2024-07-13T19:19:58.603366Z  INFO bevy_winit::system: Closing window 0v1
 *  Terminal will be reused by tasks, press any key to close it. 

 *  Executing task: cargo run 

   Compiling animated_2048 v0.1.0 (/Users/isaiasbartelborth/Projects/isaias/rust/animated_2048)
    Finished `dev` profile [unoptimized + debuginfo] target(s) in 2.81s
     Running `target/debug/animated_2048`
2024-07-13T20:06:59.187069Z  INFO bevy_render::renderer: AdapterInfo { name: "AMD Radeon Pro 5500M", vendor: 0, device: 0, device_type: DiscreteGpu, driver: "", driver_info: "", backend: Metal }
2024-07-13T20:07:00.077198Z  INFO bevy_winit::system: Creating new window "App" (0v1)
2024-07-13T20:07:00.131740Z  INFO bevy_diagnostic::system_information_diagnostics_plugin::internal: SystemInfo { os: "MacOS 14.4.1 ", kernel: "23.4.0", cpu: "Intel(R) Core(TM) i9-9880H CPU @ 2.30GHz", core_count: "8", memory: "64.0 GiB" }
now rendering board...
3301100000000010 --R--> 0041000100000001
start animate: MergeTiles(Tile { value: Number(8), position: Position { row: 0, col: 1 } }, Tile { value: Number(8), position: Position { row: 0, col: 0 } }, Position { row: 0, col: 2 }, Number(16))
start animate: SlideTile(Tile { value: Number(2), position: Position { row: 1, col: 0 } }, Position { row: 1, col: 3 })
start animate: SlideTile(Tile { value: Number(2), position: Position { row: 3, col: 2 } }, Position { row: 3, col: 3 })
merging 0 and 0 to 4
start animate: SpawnRandomTile(Tile { value: Number(2), position: Position { row: 3, col: 1 } })
0041000100000101 --U--> 0142000100000000
start animate: SlideTile(Tile { value: Number(2), position: Position { row: 3, col: 1 } }, Position { row: 0, col: 1 })
start animate: MergeTiles(Tile { value: Number(2), position: Position { row: 0, col: 3 } }, Tile { value: Number(2), position: Position { row: 1, col: 3 } }, Position { row: 0, col: 3 }, Number(4))
start animate: SlideTile(Tile { value: Number(2), position: Position { row: 3, col: 3 } }, Position { row: 1, col: 3 })
merging 2 and 1 to 2
start animate: SpawnRandomTile(Tile { value: Number(2), position: Position { row: 1, col: 0 } })
0142100100000000 --L--> 1420200000000000
start animate: SlideTile(Tile { value: Number(2), position: Position { row: 0, col: 1 } }, Position { row: 0, col: 0 })
start animate: SlideTile(Tile { value: Number(16), position: Position { row: 0, col: 2 } }, Position { row: 0, col: 1 })
start animate: SlideTile(Tile { value: Number(4), position: Position { row: 0, col: 3 } }, Position { row: 0, col: 2 })
start animate: MergeTiles(Tile { value: Number(2), position: Position { row: 1, col: 0 } }, Tile { value: Number(2), position: Position { row: 1, col: 3 } }, Position { row: 1, col: 0 }, Number(4))
merging 2 and 0 to 2
start animate: SpawnRandomTile(Tile { value: Number(2), position: Position { row: 1, col: 1 } })
1420210000000000 --D--> 0000000014002120
start animate: SlideTile(Tile { value: Number(4), position: Position { row: 1, col: 0 } }, Position { row: 3, col: 0 })
start animate: SlideTile(Tile { value: Number(2), position: Position { row: 0, col: 0 } }, Position { row: 2, col: 0 })
start animate: SlideTile(Tile { value: Number(2), position: Position { row: 1, col: 1 } }, Position { row: 3, col: 1 })
start animate: SlideTile(Tile { value: Number(16), position: Position { row: 0, col: 1 } }, Position { row: 2, col: 1 })
start animate: SlideTile(Tile { value: Number(4), position: Position { row: 0, col: 2 } }, Position { row: 3, col: 2 })
start animate: SpawnRandomTile(Tile { value: Number(2), position: Position { row: 0, col: 3 } })
0001000014002120 --L--> 1000000014002120
start animate: SlideTile(Tile { value: Number(2), position: Position { row: 0, col: 3 } }, Position { row: 0, col: 0 })
start animate: SpawnRandomTile(Tile { value: Number(2), position: Position { row: 1, col: 1 } })
1000010014002120 --U--> 2120240001000000
start animate: MergeTiles(Tile { value: Number(2), position: Position { row: 0, col: 0 } }, Tile { value: Number(2), position: Position { row: 2, col: 0 } }, Position { row: 0, col: 0 }, Number(4))
start animate: SlideTile(Tile { value: Number(4), position: Position { row: 3, col: 0 } }, Position { row: 1, col: 0 })
start animate: SlideTile(Tile { value: Number(2), position: Position { row: 1, col: 1 } }, Position { row: 0, col: 1 })
start animate: SlideTile(Tile { value: Number(16), position: Position { row: 2, col: 1 } }, Position { row: 1, col: 1 })
start animate: SlideTile(Tile { value: Number(2), position: Position { row: 3, col: 1 } }, Position { row: 2, col: 1 })
start animate: SlideTile(Tile { value: Number(4), position: Position { row: 3, col: 2 } }, Position { row: 0, col: 2 })
merging 2 and 0 to 2
start animate: SpawnRandomTile(Tile { value: Number(2), position: Position { row: 3, col: 1 } })
2120240001000100 --U--> 3120040002000000
start animate: MergeTiles(Tile { value: Number(4), position: Position { row: 0, col: 0 } }, Tile { value: Number(4), position: Position { row: 1, col: 0 } }, Position { row: 0, col: 0 }, Number(8))
start animate: MergeTiles(Tile { value: Number(2), position: Position { row: 2, col: 1 } }, Tile { value: Number(2), position: Position { row: 3, col: 1 } }, Position { row: 2, col: 1 }, Number(4))
merging 3 and 0 to 3
merging 2 and 0 to 2
start animate: SpawnRandomTile(Tile { value: Number(2), position: Position { row: 2, col: 0 } })
3120040012000000 --L--> 3120400012000000
start animate: SlideTile(Tile { value: Number(16), position: Position { row: 1, col: 1 } }, Position { row: 1, col: 0 })
start animate: SpawnRandomTile(Tile { value: Number(4), position: Position { row: 1, col: 1 } })
3120420012000000 --D--> 0000300041001320
start animate: SlideTile(Tile { value: Number(2), position: Position { row: 2, col: 0 } }, Position { row: 3, col: 0 })
start animate: SlideTile(Tile { value: Number(16), position: Position { row: 1, col: 0 } }, Position { row: 2, col: 0 })
start animate: SlideTile(Tile { value: Number(8), position: Position { row: 0, col: 0 } }, Position { row: 1, col: 0 })
start animate: MergeTiles(Tile { value: Number(4), position: Position { row: 2, col: 1 } }, Tile { value: Number(4), position: Position { row: 1, col: 1 } }, Position { row: 3, col: 1 }, Number(8))
start animate: SlideTile(Tile { value: Number(2), position: Position { row: 0, col: 1 } }, Position { row: 2, col: 1 })
start animate: SlideTile(Tile { value: Number(4), position: Position { row: 0, col: 2 } }, Position { row: 3, col: 2 })
merging 1 and 0 to 3
start animate: SpawnRandomTile(Tile { value: Number(2), position: Position { row: 1, col: 3 } })
0000300141001320 --L--> 0000310041001320
start animate: SlideTile(Tile { value: Number(2), position: Position { row: 1, col: 3 } }, Position { row: 1, col: 1 })
start animate: SpawnRandomTile(Tile { value: Number(2), position: Position { row: 1, col: 3 } })
0000310141001320 --D--> 0000300042001321
start animate: MergeTiles(Tile { value: Number(2), position: Position { row: 2, col: 1 } }, Tile { value: Number(2), position: Position { row: 1, col: 1 } }, Position { row: 2, col: 1 }, Number(4))
start animate: SlideTile(Tile { value: Number(2), position: Position { row: 1, col: 3 } }, Position { row: 3, col: 3 })
merging 2 and 0 to 2
start animate: SpawnRandomTile(Tile { value: Number(2), position: Position { row: 0, col: 3 } })
0001300042001321 --D--> 0000300042001322
start animate: MergeTiles(Tile { value: Number(2), position: Position { row: 3, col: 3 } }, Tile { value: Number(2), position: Position { row: 0, col: 3 } }, Position { row: 3, col: 3 }, Number(4))
merging 2 and 0 to 2
start animate: SpawnRandomTile(Tile { value: Number(2), position: Position { row: 0, col: 0 } })
1000300042001322 --L--> 1000300042001330
start animate: MergeTiles(Tile { value: Number(4), position: Position { row: 3, col: 2 } }, Tile { value: Number(4), position: Position { row: 3, col: 3 } }, Position { row: 3, col: 2 }, Number(8))
merging 3 and 0 to 3
start animate: SpawnRandomTile(Tile { value: Number(2), position: Position { row: 1, col: 2 } })
1000301042001330 --L--> 1000310042001400
start animate: SlideTile(Tile { value: Number(2), position: Position { row: 1, col: 2 } }, Position { row: 1, col: 1 })
start animate: MergeTiles(Tile { value: Number(8), position: Position { row: 3, col: 1 } }, Tile { value: Number(8), position: Position { row: 3, col: 2 } }, Position { row: 3, col: 1 }, Number(16))
merging 4 and 0 to 4
start animate: SpawnRandomTile(Tile { value: Number(2), position: Position { row: 2, col: 3 } })
1000310042011400 --D--> 1000310042001401
start animate: SlideTile(Tile { value: Number(2), position: Position { row: 2, col: 3 } }, Position { row: 3, col: 3 })
start animate: SpawnRandomTile(Tile { value: Number(2), position: Position { row: 1, col: 2 } })
1000311042001401 --R--> 0001003200420141
start animate: SlideTile(Tile { value: Number(2), position: Position { row: 0, col: 0 } }, Position { row: 0, col: 3 })
start animate: MergeTiles(Tile { value: Number(2), position: Position { row: 1, col: 2 } }, Tile { value: Number(2), position: Position { row: 1, col: 1 } }, Position { row: 1, col: 3 }, Number(4))
start animate: SlideTile(Tile { value: Number(8), position: Position { row: 1, col: 0 } }, Position { row: 1, col: 2 })
start animate: SlideTile(Tile { value: Number(4), position: Position { row: 2, col: 1 } }, Position { row: 2, col: 3 })
start animate: SlideTile(Tile { value: Number(16), position: Position { row: 2, col: 0 } }, Position { row: 2, col: 2 })
start animate: SlideTile(Tile { value: Number(16), position: Position { row: 3, col: 1 } }, Position { row: 3, col: 2 })
start animate: SlideTile(Tile { value: Number(2), position: Position { row: 3, col: 0 } }, Position { row: 3, col: 1 })
merging 3 and 0 to 2
start animate: SpawnRandomTile(Tile { value: Number(2), position: Position { row: 0, col: 2 } })
0011003200420141 --D--> 0000001100330151
start animate: MergeTiles(Tile { value: Number(16), position: Position { row: 3, col: 2 } }, Tile { value: Number(16), position: Position { row: 2, col: 2 } }, Position { row: 3, col: 2 }, Number(32))
start animate: SlideTile(Tile { value: Number(8), position: Position { row: 1, col: 2 } }, Position { row: 2, col: 2 })
start animate: SlideTile(Tile { value: Number(2), position: Position { row: 0, col: 2 } }, Position { row: 1, col: 2 })
start animate: MergeTiles(Tile { value: Number(4), position: Position { row: 2, col: 3 } }, Tile { value: Number(4), position: Position { row: 1, col: 3 } }, Position { row: 2, col: 3 }, Number(8))
start animate: SlideTile(Tile { value: Number(2), position: Position { row: 0, col: 3 } }, Position { row: 1, col: 3 })
merging 5 and 3 to 5
merging 3 and 1 to 3
start animate: SpawnRandomTile(Tile { value: Number(4), position: Position { row: 0, col: 0 } })
2000001100330151 --R--> 0002000200040151
start animate: SlideTile(Tile { value: Number(4), position: Position { row: 0, col: 0 } }, Position { row: 0, col: 3 })
start animate: MergeTiles(Tile { value: Number(2), position: Position { row: 1, col: 3 } }, Tile { value: Number(2), position: Position { row: 1, col: 2 } }, Position { row: 1, col: 3 }, Number(4))
start animate: MergeTiles(Tile { value: Number(8), position: Position { row: 2, col: 3 } }, Tile { value: Number(8), position: Position { row: 2, col: 2 } }, Position { row: 2, col: 3 }, Number(16))
merging 2 and 0 to 2
merging 4 and 0 to 4
start animate: SpawnRandomTile(Tile { value: Number(2), position: Position { row: 2, col: 0 } })
0002000210040151 --D--> 0000000300041151
start animate: SlideTile(Tile { value: Number(2), position: Position { row: 2, col: 0 } }, Position { row: 3, col: 0 })
start animate: MergeTiles(Tile { value: Number(4), position: Position { row: 1, col: 3 } }, Tile { value: Number(4), position: Position { row: 0, col: 3 } }, Position { row: 1, col: 3 }, Number(8))
merging 3 and 0 to 3
start animate: SpawnRandomTile(Tile { value: Number(2), position: Position { row: 0, col: 3 } })
0001000300041151 --L--> 1000300040002510
start animate: SlideTile(Tile { value: Number(2), position: Position { row: 0, col: 3 } }, Position { row: 0, col: 0 })
start animate: SlideTile(Tile { value: Number(8), position: Position { row: 1, col: 3 } }, Position { row: 1, col: 0 })
start animate: SlideTile(Tile { value: Number(16), position: Position { row: 2, col: 3 } }, Position { row: 2, col: 0 })
start animate: MergeTiles(Tile { value: Number(2), position: Position { row: 3, col: 0 } }, Tile { value: Number(2), position: Position { row: 3, col: 1 } }, Position { row: 3, col: 0 }, Number(4))
start animate: SlideTile(Tile { value: Number(32), position: Position { row: 3, col: 2 } }, Position { row: 3, col: 1 })
start animate: SlideTile(Tile { value: Number(2), position: Position { row: 3, col: 3 } }, Position { row: 3, col: 2 })
merging 2 and 5 to 2
start animate: SpawnRandomTile(Tile { value: Number(2), position: Position { row: 2, col: 1 } })
1000300041002510 --D--> 1000300041002510
1000300041002510 --R--> 0001000300410251
start animate: SlideTile(Tile { value: Number(2), position: Position { row: 0, col: 0 } }, Position { row: 0, col: 3 })
start animate: SlideTile(Tile { value: Number(8), position: Position { row: 1, col: 0 } }, Position { row: 1, col: 3 })
start animate: SlideTile(Tile { value: Number(2), position: Position { row: 2, col: 1 } }, Position { row: 2, col: 3 })
start animate: SlideTile(Tile { value: Number(16), position: Position { row: 2, col: 0 } }, Position { row: 2, col: 2 })
start animate: SlideTile(Tile { value: Number(2), position: Position { row: 3, col: 2 } }, Position { row: 3, col: 3 })
start animate: SlideTile(Tile { value: Number(32), position: Position { row: 3, col: 1 } }, Position { row: 3, col: 2 })
start animate: SlideTile(Tile { value: Number(4), position: Position { row: 3, col: 0 } }, Position { row: 3, col: 1 })
start animate: SpawnRandomTile(Tile { value: Number(2), position: Position { row: 0, col: 2 } })
0011000300410251 --R--> 0002000300410251
start animate: MergeTiles(Tile { value: Number(2), position: Position { row: 0, col: 3 } }, Tile { value: Number(2), position: Position { row: 0, col: 2 } }, Position { row: 0, col: 3 }, Number(4))
merging 2 and 0 to 2
start animate: SpawnRandomTile(Tile { value: Number(2), position: Position { row: 0, col: 2 } })
0012000300410251 --R--> 0012000300410251
0012000300410251 --L--> 1200300041002510
start animate: SlideTile(Tile { value: Number(2), position: Position { row: 0, col: 2 } }, Position { row: 0, col: 0 })
start animate: SlideTile(Tile { value: Number(4), position: Position { row: 0, col: 3 } }, Position { row: 0, col: 1 })
start animate: SlideTile(Tile { value: Number(8), position: Position { row: 1, col: 3 } }, Position { row: 1, col: 0 })
start animate: SlideTile(Tile { value: Number(16), position: Position { row: 2, col: 2 } }, Position { row: 2, col: 0 })
start animate: SlideTile(Tile { value: Number(2), position: Position { row: 2, col: 3 } }, Position { row: 2, col: 1 })
start animate: SlideTile(Tile { value: Number(4), position: Position { row: 3, col: 1 } }, Position { row: 3, col: 0 })
start animate: SlideTile(Tile { value: Number(32), position: Position { row: 3, col: 2 } }, Position { row: 3, col: 1 })
start animate: SlideTile(Tile { value: Number(2), position: Position { row: 3, col: 3 } }, Position { row: 3, col: 2 })
start animate: SpawnRandomTile(Tile { value: Number(2), position: Position { row: 1, col: 3 } })
1200300141002510 --R--> 0012003100410251
start animate: SlideTile(Tile { value: Number(4), position: Position { row: 0, col: 1 } }, Position { row: 0, col: 3 })
start animate: SlideTile(Tile { value: Number(2), position: Position { row: 0, col: 0 } }, Position { row: 0, col: 2 })
start animate: SlideTile(Tile { value: Number(8), position: Position { row: 1, col: 0 } }, Position { row: 1, col: 2 })
start animate: SlideTile(Tile { value: Number(2), position: Position { row: 2, col: 1 } }, Position { row: 2, col: 3 })
start animate: SlideTile(Tile { value: Number(16), position: Position { row: 2, col: 0 } }, Position { row: 2, col: 2 })
start animate: SlideTile(Tile { value: Number(2), position: Position { row: 3, col: 2 } }, Position { row: 3, col: 3 })
start animate: SlideTile(Tile { value: Number(32), position: Position { row: 3, col: 1 } }, Position { row: 3, col: 2 })
start animate: SlideTile(Tile { value: Number(4), position: Position { row: 3, col: 0 } }, Position { row: 3, col: 1 })
start animate: SpawnRandomTile(Tile { value: Number(2), position: Position { row: 0, col: 0 } })
1012003100410251 --R--> 0022003100410251
start animate: MergeTiles(Tile { value: Number(2), position: Position { row: 0, col: 2 } }, Tile { value: Number(2), position: Position { row: 0, col: 0 } }, Position { row: 0, col: 2 }, Number(4))
merging 2 and 0 to 2
start animate: SpawnRandomTile(Tile { value: Number(2), position: Position { row: 2, col: 1 } })
0022003101410251 --R--> 0003003101410251
start animate: MergeTiles(Tile { value: Number(4), position: Position { row: 0, col: 3 } }, Tile { value: Number(4), position: Position { row: 0, col: 2 } }, Position { row: 0, col: 3 }, Number(8))
merging 3 and 0 to 3
start animate: SpawnRandomTile(Tile { value: Number(2), position: Position { row: 0, col: 1 } })
0103003101410251 --L--> 1300310014102510
start animate: SlideTile(Tile { value: Number(2), position: Position { row: 0, col: 1 } }, Position { row: 0, col: 0 })
start animate: SlideTile(Tile { value: Number(8), position: Position { row: 0, col: 3 } }, Position { row: 0, col: 1 })
start animate: SlideTile(Tile { value: Number(8), position: Position { row: 1, col: 2 } }, Position { row: 1, col: 0 })
start animate: SlideTile(Tile { value: Number(2), position: Position { row: 1, col: 3 } }, Position { row: 1, col: 1 })
start animate: SlideTile(Tile { value: Number(2), position: Position { row: 2, col: 1 } }, Position { row: 2, col: 0 })
start animate: SlideTile(Tile { value: Number(16), position: Position { row: 2, col: 2 } }, Position { row: 2, col: 1 })
start animate: SlideTile(Tile { value: Number(2), position: Position { row: 2, col: 3 } }, Position { row: 2, col: 2 })
start animate: SlideTile(Tile { value: Number(4), position: Position { row: 3, col: 1 } }, Position { row: 3, col: 0 })
start animate: SlideTile(Tile { value: Number(32), position: Position { row: 3, col: 2 } }, Position { row: 3, col: 1 })
start animate: SlideTile(Tile { value: Number(2), position: Position { row: 3, col: 3 } }, Position { row: 3, col: 2 })
start animate: SpawnRandomTile(Tile { value: Number(2), position: Position { row: 0, col: 2 } })
1310310014102510 --D--> 1300310014102520
start animate: MergeTiles(Tile { value: Number(2), position: Position { row: 3, col: 2 } }, Tile { value: Number(2), position: Position { row: 2, col: 2 } }, Position { row: 3, col: 2 }, Number(4))
start animate: SlideTile(Tile { value: Number(2), position: Position { row: 0, col: 2 } }, Position { row: 2, col: 2 })
merging 2 and 1 to 2
start animate: SpawnRandomTile(Tile { value: Number(2), position: Position { row: 3, col: 3 } })
1300310014102521 --R--> 0013003101412521
start animate: SlideTile(Tile { value: Number(8), position: Position { row: 0, col: 1 } }, Position { row: 0, col: 3 })
start animate: SlideTile(Tile { value: Number(2), position: Position { row: 0, col: 0 } }, Position { row: 0, col: 2 })
start animate: SlideTile(Tile { value: Number(2), position: Position { row: 1, col: 1 } }, Position { row: 1, col: 3 })
start animate: SlideTile(Tile { value: Number(8), position: Position { row: 1, col: 0 } }, Position { row: 1, col: 2 })
start animate: SlideTile(Tile { value: Number(2), position: Position { row: 2, col: 2 } }, Position { row: 2, col: 3 })
start animate: SlideTile(Tile { value: Number(16), position: Position { row: 2, col: 1 } }, Position { row: 2, col: 2 })
start animate: SlideTile(Tile { value: Number(2), position: Position { row: 2, col: 0 } }, Position { row: 2, col: 1 })
start animate: SpawnRandomTile(Tile { value: Number(2), position: Position { row: 0, col: 0 } })
1013003101412521 --D--> 0010003311412522
start animate: SlideTile(Tile { value: Number(2), position: Position { row: 0, col: 0 } }, Position { row: 2, col: 0 })
start animate: MergeTiles(Tile { value: Number(2), position: Position { row: 3, col: 3 } }, Tile { value: Number(2), position: Position { row: 2, col: 3 } }, Position { row: 3, col: 3 }, Number(4))
start animate: SlideTile(Tile { value: Number(2), position: Position { row: 1, col: 3 } }, Position { row: 2, col: 3 })
start animate: SlideTile(Tile { value: Number(8), position: Position { row: 0, col: 3 } }, Position { row: 1, col: 3 })
merging 2 and 1 to 2
start animate: SpawnRandomTile(Tile { value: Number(2), position: Position { row: 1, col: 1 } })
0010013311412522 --L--> 1000140024102530
start animate: SlideTile(Tile { value: Number(2), position: Position { row: 0, col: 2 } }, Position { row: 0, col: 0 })
start animate: SlideTile(Tile { value: Number(2), position: Position { row: 1, col: 1 } }, Position { row: 1, col: 0 })
start animate: MergeTiles(Tile { value: Number(8), position: Position { row: 1, col: 2 } }, Tile { value: Number(8), position: Position { row: 1, col: 3 } }, Position { row: 1, col: 1 }, Number(16))
start animate: MergeTiles(Tile { value: Number(2), position: Position { row: 2, col: 0 } }, Tile { value: Number(2), position: Position { row: 2, col: 1 } }, Position { row: 2, col: 0 }, Number(4))
start animate: SlideTile(Tile { value: Number(16), position: Position { row: 2, col: 2 } }, Position { row: 2, col: 1 })
start animate: SlideTile(Tile { value: Number(2), position: Position { row: 2, col: 3 } }, Position { row: 2, col: 2 })
start animate: MergeTiles(Tile { value: Number(4), position: Position { row: 3, col: 2 } }, Tile { value: Number(4), position: Position { row: 3, col: 3 } }, Position { row: 3, col: 2 }, Number(8))
merging 0 and 0 to 4
merging 2 and 4 to 2
merging 3 and 0 to 3
start animate: SpawnRandomTile(Tile { value: Number(2), position: Position { row: 3, col: 3 } })
1000140024102531 --D--> 0000000025103531
start animate: MergeTiles(Tile { value: Number(4), position: Position { row: 3, col: 0 } }, Tile { value: Number(4), position: Position { row: 2, col: 0 } }, Position { row: 3, col: 0 }, Number(8))
start animate: MergeTiles(Tile { value: Number(2), position: Position { row: 1, col: 0 } }, Tile { value: Number(2), position: Position { row: 0, col: 0 } }, Position { row: 2, col: 0 }, Number(4))
start animate: MergeTiles(Tile { value: Number(16), position: Position { row: 2, col: 1 } }, Tile { value: Number(16), position: Position { row: 1, col: 1 } }, Position { row: 2, col: 1 }, Number(32))
merging 3 and 2 to 3
merging 0 and 0 to 2
merging 5 and 0 to 5
start animate: SpawnRandomTile(Tile { value: Number(2), position: Position { row: 1, col: 1 } })
0000010025103531 --D--> 0000000021103631
start animate: MergeTiles(Tile { value: Number(32), position: Position { row: 3, col: 1 } }, Tile { value: Number(32), position: Position { row: 2, col: 1 } }, Position { row: 3, col: 1 }, Number(64))
start animate: SlideTile(Tile { value: Number(2), position: Position { row: 1, col: 1 } }, Position { row: 2, col: 1 })
merging 6 and 1 to 6
start animate: SpawnRandomTile(Tile { value: Number(2), position: Position { row: 1, col: 3 } })
0000000121103631 --L--> 0000100022003631
start animate: SlideTile(Tile { value: Number(2), position: Position { row: 1, col: 3 } }, Position { row: 1, col: 0 })
start animate: MergeTiles(Tile { value: Number(2), position: Position { row: 2, col: 1 } }, Tile { value: Number(2), position: Position { row: 2, col: 2 } }, Position { row: 2, col: 1 }, Number(4))
merging 2 and 0 to 2
start animate: SpawnRandomTile(Tile { value: Number(2), position: Position { row: 1, col: 3 } })
0000100122003631 --L--> 0000200030003631
start animate: MergeTiles(Tile { value: Number(2), position: Position { row: 1, col: 0 } }, Tile { value: Number(2), position: Position { row: 1, col: 3 } }, Position { row: 1, col: 0 }, Number(4))
start animate: MergeTiles(Tile { value: Number(4), position: Position { row: 2, col: 0 } }, Tile { value: Number(4), position: Position { row: 2, col: 1 } }, Position { row: 2, col: 0 }, Number(8))
merging 2 and 0 to 2
merging 3 and 0 to 3
start animate: SpawnRandomTile(Tile { value: Number(4), position: Position { row: 1, col: 2 } })
0000202030003631 --D--> 0000000020204631
start animate: MergeTiles(Tile { value: Number(8), position: Position { row: 3, col: 0 } }, Tile { value: Number(8), position: Position { row: 2, col: 0 } }, Position { row: 3, col: 0 }, Number(16))
start animate: SlideTile(Tile { value: Number(4), position: Position { row: 1, col: 0 } }, Position { row: 2, col: 0 })
start animate: SlideTile(Tile { value: Number(4), position: Position { row: 1, col: 2 } }, Position { row: 2, col: 2 })
merging 4 and 2 to 4
start animate: SpawnRandomTile(Tile { value: Number(2), position: Position { row: 0, col: 1 } })
0100000020204631 --L--> 1000000030004631
start animate: SlideTile(Tile { value: Number(2), position: Position { row: 0, col: 1 } }, Position { row: 0, col: 0 })
start animate: MergeTiles(Tile { value: Number(4), position: Position { row: 2, col: 0 } }, Tile { value: Number(4), position: Position { row: 2, col: 2 } }, Position { row: 2, col: 0 }, Number(8))
merging 3 and 0 to 3
start animate: SpawnRandomTile(Tile { value: Number(2), position: Position { row: 1, col: 2 } })
1000001030004631 --L--> 1000100030004631
start animate: SlideTile(Tile { value: Number(2), position: Position { row: 1, col: 2 } }, Position { row: 1, col: 0 })
start animate: SpawnRandomTile(Tile { value: Number(2), position: Position { row: 0, col: 1 } })
1100100030004631 --L--> 2000100030004631
start animate: MergeTiles(Tile { value: Number(2), position: Position { row: 0, col: 0 } }, Tile { value: Number(2), position: Position { row: 0, col: 1 } }, Position { row: 0, col: 0 }, Number(4))
merging 2 and 0 to 2
start animate: SpawnRandomTile(Tile { value: Number(2), position: Position { row: 0, col: 2 } })
2010100030004631 --D--> 2000100030104631
start animate: SlideTile(Tile { value: Number(2), position: Position { row: 0, col: 2 } }, Position { row: 2, col: 2 })
start animate: SpawnRandomTile(Tile { value: Number(2), position: Position { row: 2, col: 1 } })
2000100031104631 --L--> 2000100032004631
start animate: MergeTiles(Tile { value: Number(2), position: Position { row: 2, col: 1 } }, Tile { value: Number(2), position: Position { row: 2, col: 2 } }, Position { row: 2, col: 1 }, Number(4))
merging 2 and 0 to 2
start animate: SpawnRandomTile(Tile { value: Number(2), position: Position { row: 2, col: 3 } })
2000100032014631 --L--> 2000100032104631
start animate: SlideTile(Tile { value: Number(2), position: Position { row: 2, col: 3 } }, Position { row: 2, col: 2 })
start animate: SpawnRandomTile(Tile { value: Number(2), position: Position { row: 0, col: 3 } })
2001100032104631 --D--> 2000100032104632
start animate: MergeTiles(Tile { value: Number(2), position: Position { row: 3, col: 3 } }, Tile { value: Number(2), position: Position { row: 0, col: 3 } }, Position { row: 3, col: 3 }, Number(4))
merging 2 and 0 to 2
start animate: SpawnRandomTile(Tile { value: Number(2), position: Position { row: 1, col: 2 } })
2000101032104632 --D--> 2000100032204632
start animate: MergeTiles(Tile { value: Number(2), position: Position { row: 2, col: 2 } }, Tile { value: Number(2), position: Position { row: 1, col: 2 } }, Position { row: 2, col: 2 }, Number(4))
merging 2 and 0 to 2
start animate: SpawnRandomTile(Tile { value: Number(2), position: Position { row: 0, col: 1 } })
2100100032204632 --L--> 2100100033004632
start animate: MergeTiles(Tile { value: Number(4), position: Position { row: 2, col: 1 } }, Tile { value: Number(4), position: Position { row: 2, col: 2 } }, Position { row: 2, col: 1 }, Number(8))
merging 3 and 0 to 3
start animate: SpawnRandomTile(Tile { value: Number(2), position: Position { row: 2, col: 2 } })
2100100033104632 --L--> 2100100041004632
start animate: MergeTiles(Tile { value: Number(8), position: Position { row: 2, col: 0 } }, Tile { value: Number(8), position: Position { row: 2, col: 1 } }, Position { row: 2, col: 0 }, Number(16))
start animate: SlideTile(Tile { value: Number(2), position: Position { row: 2, col: 2 } }, Position { row: 2, col: 1 })
merging 4 and 1 to 4
start animate: SpawnRandomTile(Tile { value: Number(2), position: Position { row: 2, col: 3 } })
2100100041014632 --D--> 0000200012015632
start animate: MergeTiles(Tile { value: Number(16), position: Position { row: 3, col: 0 } }, Tile { value: Number(16), position: Position { row: 2, col: 0 } }, Position { row: 3, col: 0 }, Number(32))
start animate: SlideTile(Tile { value: Number(2), position: Position { row: 1, col: 0 } }, Position { row: 2, col: 0 })
start animate: SlideTile(Tile { value: Number(4), position: Position { row: 0, col: 0 } }, Position { row: 1, col: 0 })
start animate: MergeTiles(Tile { value: Number(2), position: Position { row: 2, col: 1 } }, Tile { value: Number(2), position: Position { row: 0, col: 1 } }, Position { row: 2, col: 1 }, Number(4))
thread 'Compute Task Pool (3)' panicked at src/main.rs:425:59:
called `Option::unwrap()` on a `None` value
note: run with `RUST_BACKTRACE=1` environment variable to display a backtrace
Encountered a panic in system `animated_2048::start_animate`!
Encountered a panic in system `bevy_app::main_schedule::Main::run_main`!
thread 'main' panicked at /Users/isaiasbartelborth/.cargo/registry/src/index.crates.io-6f17d22bba15001f/winit-0.29.15/src/platform_impl/macos/app_state.rs:387:33:
called `Result::unwrap()` on an `Err` value: PoisonError { .. }

 *  The terminal process "/bin/zsh '-l', '-c', 'cargo run'" terminated with exit code: 101. 
 *  Terminal will be reused by tasks, press any key to close it. 
