1110000000000000 --L--> 2100000000000000
start animate: MergeTiles(Tile { value: Number(2), position: Position { row: 0, col: 0 } }, Tile { value: Number(2), position: Position { row: 0, col: 1 } }, Position { row: 0, col: 0 }, Number(4))
start animate: SlideTile(Tile { value: Number(2), position: Position { row: 0, col: 2 } }, Position { row: 0, col: 1 })
merging 2 and 1 to 2
start animate: SpawnRandomTile(Tile { value: Number(2), position: Position { row: 3, col: 1 } })
2100000000000100 --U--> 2200000000000000
start animate: MergeTiles(Tile { value: Number(2), position: Position { row: 0, col: 1 } }, Tile { value: Number(2), position: Position { row: 3, col: 1 } }, Position { row: 0, col: 1 }, Number(4))
merging 2 and 0 to 2
start animate: SpawnRandomTile(Tile { value: Number(2), position: Position { row: 1, col: 1 } })
2200010000000000 --R--> 0003000100000000
start animate: MergeTiles(Tile { value: Number(4), position: Position { row: 0, col: 1 } }, Tile { value: Number(4), position: Position { row: 0, col: 0 } }, Position { row: 0, col: 3 }, Number(8))
start animate: SlideTile(Tile { value: Number(2), position: Position { row: 1, col: 1 } }, Position { row: 1, col: 3 })
merging 0 and 0 to 3
start animate: SpawnRandomTile(Tile { value: Number(2), position: Position { row: 1, col: 0 } })
0003100100000000 --R--> 0003000200000000
start animate: MergeTiles(Tile { value: Number(2), position: Position { row: 1, col: 3 } }, Tile { value: Number(2), position: Position { row: 1, col: 0 } }, Position { row: 1, col: 3 }, Number(4))
merging 2 and 0 to 2
start animate: SpawnRandomTile(Tile { value: Number(2), position: Position { row: 0, col: 0 } })
1003000200000000 --R--> 0013000200000000
start animate: SlideTile(Tile { value: Number(2), position: Position { row: 0, col: 0 } }, Position { row: 0, col: 2 })
start animate: SpawnRandomTile(Tile { value: Number(2), position: Position { row: 1, col: 2 } })
0013001200000000 --U--> 0023000200000000
start animate: MergeTiles(Tile { value: Number(2), position: Position { row: 0, col: 2 } }, Tile { value: Number(2), position: Position { row: 1, col: 2 } }, Position { row: 0, col: 2 }, Number(4))
merging 2 and 0 to 2
start animate: SpawnRandomTile(Tile { value: Number(2), position: Position { row: 2, col: 3 } })
0023000200010000 --L--> 2300200010000000
start animate: SlideTile(Tile { value: Number(4), position: Position { row: 0, col: 2 } }, Position { row: 0, col: 0 })
start animate: SlideTile(Tile { value: Number(8), position: Position { row: 0, col: 3 } }, Position { row: 0, col: 1 })
start animate: SlideTile(Tile { value: Number(4), position: Position { row: 1, col: 3 } }, Position { row: 1, col: 0 })
start animate: SlideTile(Tile { value: Number(2), position: Position { row: 2, col: 3 } }, Position { row: 2, col: 0 })
start animate: SpawnRandomTile(Tile { value: Number(2), position: Position { row: 2, col: 3 } })
2300200010010000 --D--> 0000000030001301
start animate: SlideTile(Tile { value: Number(2), position: Position { row: 2, col: 0 } }, Position { row: 3, col: 0 })
start animate: SlideTile(Tile { value: Number(4), position: Position { row: 1, col: 0 } }, Position { row: 2, col: 0 })
start animate: MergeTiles(Tile { value: Number(4), position: Position { row: 2, col: 0 } }, Tile { value: Number(4), position: Position { row: 0, col: 0 } }, Position { row: 2, col: 0 }, Number(8))
start animate: SlideTile(Tile { value: Number(8), position: Position { row: 0, col: 1 } }, Position { row: 3, col: 1 })
start animate: SlideTile(Tile { value: Number(2), position: Position { row: 2, col: 3 } }, Position { row: 3, col: 3 })
merging 3 and 0 to 3
start animate: SpawnRandomTile(Tile { value: Number(4), position: Position { row: 1, col: 3 } })
0000000230001301 --U--> 3302100100000000
start animate: SlideTile(Tile { value: Number(8), position: Position { row: 2, col: 0 } }, Position { row: 0, col: 0 })
start animate: SlideTile(Tile { value: Number(2), position: Position { row: 3, col: 0 } }, Position { row: 1, col: 0 })
thread 'Compute Task Pool (1)' panicked at src/main.rs:406:62:
called `Option::unwrap()` on a `None` value
note: run with `RUST_BACKTRACE=1` environment variable to display a backtrace
Encountered a panic in system `animated_2048::start_animate`!
Encountered a panic in system `bevy_app::main_schedule::Main::run_main`!
thread 'main' panicked at /Users/isaiasbartelborth/.cargo/registry/src/index.crates.io-6f17d22bba15001f/winit-0.29.15/src/platform_impl/macos/app_state.rs:387:33:
called `Result::unwrap()` on an `Err` value: PoisonError { .. }

 *  The terminal process "/bin/zsh '-l', '-c', 'cargo run'" terminated with exit code: 101. 
 *  Terminal will be reused by tasks, press any key to close it. 
