3301100000000010 --R--> 0041000100000001
0041000100000101 --U--> 0142000100000000
0142100100000000 --L--> 1420200000000000
1420210000000000 --D--> 0000000014002120
0001000014002120 --L--> 1000000014002120
1000010014002120 --U--> 2120240001000000
2120240001000100 --U--> 3120040002000000
3120040012000000 --L--> 3120400012000000
3120420012000000 --D--> 0000300041001320
0000300141001320 --L--> 0000310041001320
0000310141001320 --D--> 0000300042001321
0001300042001321 --D--> 0000300042001322
1000300042001322 --L--> 1000300042001330
1000301042001330 --L--> 1000310042001400
1000310042011400 --D--> 1000310042001401
1000311042001401 --R--> 0001003200420141
0011003200420141 --D--> 0000001100330151
2000001100330151 --R--> 0002000200040151
0002000210040151 --D--> 0000000300041151
0001000300041151 --L--> 1000300040002510
1000300041002510 --D--> 1000300041002510
1000300041002510 --R--> 0001000300410251
0011000300410251 --R--> 0002000300410251
0012000300410251 --R--> 0012000300410251
0012000300410251 --L--> 1200300041002510
1200300141002510 --R--> 0012003100410251
1012003100410251 --R--> 0022003100410251
0022003101410251 --R--> 0003003101410251
0103003101410251 --L--> 1300310014102510
1310310014102510 --D--> 1300310014102520
1300310014102521 --R--> 0013003101412521
1013003101412521 --D--> 0010003311412522
0010013311412522 --L--> 1000140024102530
1000140024102531 --D--> 0000000025103531
0000010025103531 --D--> 0000000021103631
0000000121103631 --L--> 0000100022003631
0000100122003631 --L--> 0000200030003631
0000202030003631 --D--> 0000000020204631
0100000020204631 --L--> 1000000030004631
1000001030004631 --L--> 1000100030004631
1100100030004631 --L--> 2000100030004631
2010100030004631 --D--> 2000100030104631
2000100031104631 --L--> 2000100032004631
2000100032014631 --L--> 2000100032104631
2001100032104631 --D--> 2000100032104632
2000101032104632 --D--> 2000100032204632
2100100032204632 --L--> 2100100033004632
2100100033104632 --L--> 2100100041004632
2100100041014632 --D--> 0000200012015632
